[ 2018-08-20T15:23:30+08:00 ] 113.251.20.95 /company/index.php?g=&m=public&a=dologin
INFO: [ app_begin ] --START--
INFO: Run Behavior\ReadHtmlCacheBehavior [ RunTime:0.003272s ]
INFO: Run Behavior\CheckLangBehavior [ RunTime:0.007867s ]
INFO: Run Common\Behavior\UrldecodeGetBehavior [ RunTime:0.003419s ]
INFO: [ app_begin ] --END-- [ RunTime:0.015787s ]
INFO: [ admin_begin ] --START--
INFO: Run Common\Behavior\AdminDefaultLangBehavior [ RunTime:0.010150s ]
INFO: [ admin_begin ] --END-- [ RunTime:0.010208s ]
SQL: SHOW COLUMNS FROM `xly_company` [ RunTime:0.0196s ]
SQL: SELECT * FROM `xly_company` WHERE `user_login` = 'admin' LIMIT 1   [ RunTime:0.0005s ]

[ 2018-08-20T15:23:52+08:00 ] 113.251.20.95 /company/index.php?g=&m=public&a=dologin
INFO: [ app_begin ] --START--
INFO: Run Behavior\ReadHtmlCacheBehavior [ RunTime:0.003323s ]
INFO: Run Behavior\CheckLangBehavior [ RunTime:0.008003s ]
INFO: Run Common\Behavior\UrldecodeGetBehavior [ RunTime:0.003549s ]
INFO: [ app_begin ] --END-- [ RunTime:0.016196s ]
INFO: [ admin_begin ] --START--
INFO: Run Common\Behavior\AdminDefaultLangBehavior [ RunTime:0.010468s ]
INFO: [ admin_begin ] --END-- [ RunTime:0.010535s ]
SQL: SHOW COLUMNS FROM `xly_company` [ RunTime:0.0156s ]
SQL: SELECT * FROM `xly_company` WHERE `user_login` = 'admin' LIMIT 1   [ RunTime:0.0004s ]

[ 2018-08-20T17:34:45+08:00 ] 222.211.252.39 /company/index.php?g=&m=public&a=dologin
INFO: [ app_begin ] --START--
INFO: Run Behavior\ReadHtmlCacheBehavior [ RunTime:0.003376s ]
INFO: Run Behavior\CheckLangBehavior [ RunTime:0.008155s ]
INFO: Run Common\Behavior\UrldecodeGetBehavior [ RunTime:0.003550s ]
INFO: [ app_begin ] --END-- [ RunTime:0.016313s ]
INFO: [ admin_begin ] --START--
INFO: Run Common\Behavior\AdminDefaultLangBehavior [ RunTime:0.010423s ]
INFO: [ admin_begin ] --END-- [ RunTime:0.010483s ]
SQL: SHOW COLUMNS FROM `xly_company` [ RunTime:0.0175s ]
SQL: SELECT * FROM `xly_company` WHERE `user_login` = 'ksdqjgxx' LIMIT 1   [ RunTime:0.0004s ]
SQL: UPDATE `xly_company` SET `company_name`='喀什地区技工学校',`user_login`='ksdqjgxx',`user_pass`='###3440ea56fe55470c5b910b32f2391180',`isdel`='0',`create_time`='1534226660',`user_status`='1',`last_login_ip`='222.211.252.39',`last_login_time`='2018-08-20 17:34:45' WHERE `id` = 17 [ RunTime:0.0016s ]

[ 2018-08-20T17:37:47+08:00 ] 222.211.252.39 /company/index.php?g=Admin&m=Caseplan&a=save_project_info
INFO: [ app_begin ] --START--
INFO: Run Behavior\ReadHtmlCacheBehavior [ RunTime:0.003305s ]
INFO: Run Behavior\CheckLangBehavior [ RunTime:0.007869s ]
INFO: Run Common\Behavior\UrldecodeGetBehavior [ RunTime:0.003465s ]
INFO: [ app_begin ] --END-- [ RunTime:0.015884s ]
INFO: [ admin_begin ] --START--
INFO: Run Common\Behavior\AdminDefaultLangBehavior [ RunTime:0.010295s ]
INFO: [ admin_begin ] --END-- [ RunTime:0.010372s ]
SQL: SHOW COLUMNS FROM `xly_company` [ RunTime:0.0162s ]
SQL: SELECT * FROM `xly_company` WHERE `id` = 17 LIMIT 1   [ RunTime:0.0004s ]
SQL: SHOW COLUMNS FROM `xly_project` [ RunTime:0.0106s ]
SQL: SHOW COLUMNS FROM `xly_company` [ RunTime:0.0065s ]
SQL: SHOW COLUMNS FROM `xly_solutions` [ RunTime:0.0103s ]
SQL: SHOW COLUMNS FROM `xly_upload_projectinfo` [ RunTime:0.0099s ]
SQL: SHOW COLUMNS FROM `xly_users` [ RunTime:0.0124s ]
SQL: SHOW COLUMNS FROM `xly_uploadgg_data` [ RunTime:0.0095s ]
SQL: SHOW COLUMNS FROM `xly_upload_data` [ RunTime:0.0097s ]
SQL: INSERT INTO `xly_upload_projectinfo` (`file_url`,`file_name`,`project_id`,`type`,`adminid`,`create_time`) VALUES ('./company/data/upload/admin/20180820/5b7a8be8a56e2.jpg','简介 (1).jpg','32','1','17','1534757867') [ RunTime:0.0029s ]
SQL: SHOW COLUMNS FROM `xly_project` [ RunTime:0.0063s ]
SQL: SELECT * FROM `xly_project` WHERE ( id='32' ) LIMIT 1   [ RunTime:0.0003s ]
SQL: SHOW COLUMNS FROM `xly_role_user` [ RunTime:0.0090s ]
SQL: SELECT u.openid,u.id,u.user_name FROM xly_role_user ur,xly_role r,xly_users u WHERE ( ur.role_id=r.id and r.name='分配员' and ur.user_id=u.id ) LIMIT 1   [ RunTime:0.0004s ]
NOTIC: [8] curl_setopt(): CURLOPT_SSL_VERIFYHOST no longer accepts the value 1, value 2 will be used instead E:\phpStudy\WWW\situojianzhu\company\application\Admin\Controller\CaseplanController.class.php 第 448 行.

[ 2018-08-20T18:27:53+08:00 ] 222.211.252.39 /company/index.php?g=Admin&m=Casescheme&a=getfenggemesage
INFO: [ app_begin ] --START--
INFO: Run Behavior\ReadHtmlCacheBehavior [ RunTime:0.003488s ]
INFO: Run Behavior\CheckLangBehavior [ RunTime:0.008054s ]
INFO: Run Common\Behavior\UrldecodeGetBehavior [ RunTime:0.003540s ]
INFO: [ app_begin ] --END-- [ RunTime:0.016375s ]
INFO: [ admin_begin ] --START--
INFO: Run Common\Behavior\AdminDefaultLangBehavior [ RunTime:0.010554s ]
INFO: [ admin_begin ] --END-- [ RunTime:0.010625s ]
SQL: SHOW COLUMNS FROM `xly_company` [ RunTime:0.0152s ]
SQL: SELECT * FROM `xly_company` WHERE `id` = 17 LIMIT 1   [ RunTime:0.0005s ]
SQL: SHOW COLUMNS FROM `xly_upload_projectinfo` [ RunTime:0.0096s ]
SQL: SELECT * FROM `xly_upload_projectinfo` WHERE `id` = 21 LIMIT 1   [ RunTime:0.0003s ]

[ 2018-08-20T18:27:56+08:00 ] 222.211.252.39 /company/index.php?g=Admin&m=Casescheme&a=getfenggemesage
INFO: [ app_begin ] --START--
INFO: Run Behavior\ReadHtmlCacheBehavior [ RunTime:0.003331s ]
INFO: Run Behavior\CheckLangBehavior [ RunTime:0.007878s ]
INFO: Run Common\Behavior\UrldecodeGetBehavior [ RunTime:0.003418s ]
INFO: [ app_begin ] --END-- [ RunTime:0.015827s ]
INFO: [ admin_begin ] --START--
INFO: Run Common\Behavior\AdminDefaultLangBehavior [ RunTime:0.010083s ]
INFO: [ admin_begin ] --END-- [ RunTime:0.010137s ]
SQL: SHOW COLUMNS FROM `xly_company` [ RunTime:0.0154s ]
SQL: SELECT * FROM `xly_company` WHERE `id` = 17 LIMIT 1   [ RunTime:0.0004s ]
SQL: SHOW COLUMNS FROM `xly_upload_projectinfo` [ RunTime:0.0094s ]
SQL: SELECT * FROM `xly_upload_projectinfo` WHERE `id` = 21 LIMIT 1   [ RunTime:0.0003s ]

[ 2018-08-20T18:28:03+08:00 ] 222.211.252.39 /company/index.php?g=Admin&m=Casescheme&a=getfenggemesage
INFO: [ app_begin ] --START--
INFO: Run Behavior\ReadHtmlCacheBehavior [ RunTime:0.003271s ]
INFO: Run Behavior\CheckLangBehavior [ RunTime:0.007778s ]
INFO: Run Common\Behavior\UrldecodeGetBehavior [ RunTime:0.003495s ]
INFO: [ app_begin ] --END-- [ RunTime:0.015794s ]
INFO: [ admin_begin ] --START--
INFO: Run Common\Behavior\AdminDefaultLangBehavior [ RunTime:0.010136s ]
INFO: [ admin_begin ] --END-- [ RunTime:0.010197s ]
SQL: SHOW COLUMNS FROM `xly_company` [ RunTime:0.0193s ]
SQL: SELECT * FROM `xly_company` WHERE `id` = 17 LIMIT 1   [ RunTime:0.0005s ]
SQL: SHOW COLUMNS FROM `xly_upload_projectinfo` [ RunTime:0.0125s ]
SQL: SELECT * FROM `xly_upload_projectinfo` WHERE `id` = 21 LIMIT 1   [ RunTime:0.0004s ]

[ 2018-08-20T18:59:56+08:00 ] 222.211.252.39 /company/index.php?g=Admin&m=Casescheme&a=getggmesage
INFO: [ app_begin ] --START--
INFO: Run Behavior\ReadHtmlCacheBehavior [ RunTime:0.003499s ]
INFO: Run Behavior\CheckLangBehavior [ RunTime:0.008497s ]
INFO: Run Common\Behavior\UrldecodeGetBehavior [ RunTime:0.003745s ]
INFO: [ app_begin ] --END-- [ RunTime:0.017138s ]
INFO: [ admin_begin ] --START--
INFO: Run Common\Behavior\AdminDefaultLangBehavior [ RunTime:0.010842s ]
INFO: [ admin_begin ] --END-- [ RunTime:0.010910s ]
SQL: SHOW COLUMNS FROM `xly_company` [ RunTime:0.0158s ]
SQL: SELECT * FROM `xly_company` WHERE `id` = 17 LIMIT 1   [ RunTime:0.0004s ]
SQL: SHOW COLUMNS FROM `xly_uploadgg_data` [ RunTime:0.0103s ]
SQL: SELECT * FROM `xly_uploadgg_data` WHERE `id` = 104 LIMIT 1   [ RunTime:0.0004s ]

