[ 2018-08-23T11:02:01+08:00 ] 118.122.96.137 /company/index.php?g=&m=public&a=dologin
INFO: [ app_begin ] --START--
INFO: Run Behavior\ReadHtmlCacheBehavior [ RunTime:0.003316s ]
INFO: Run Behavior\CheckLangBehavior [ RunTime:0.007887s ]
INFO: Run Common\Behavior\UrldecodeGetBehavior [ RunTime:0.003478s ]
INFO: [ app_begin ] --END-- [ RunTime:0.015927s ]
INFO: [ admin_begin ] --START--
INFO: Run Common\Behavior\AdminDefaultLangBehavior [ RunTime:0.010289s ]
INFO: [ admin_begin ] --END-- [ RunTime:0.010360s ]
SQL: SHOW COLUMNS FROM `xly_company` [ RunTime:0.0162s ]
SQL: SELECT * FROM `xly_company` WHERE `user_login` = 'ksdlcjzx' LIMIT 1   [ RunTime:0.0004s ]

[ 2018-08-23T11:02:12+08:00 ] 118.122.96.137 /company/index.php?g=&m=public&a=dologin
INFO: [ app_begin ] --START--
INFO: Run Behavior\ReadHtmlCacheBehavior [ RunTime:0.003367s ]
INFO: Run Behavior\CheckLangBehavior [ RunTime:0.008901s ]
INFO: Run Common\Behavior\UrldecodeGetBehavior [ RunTime:0.003507s ]
INFO: [ app_begin ] --END-- [ RunTime:0.017022s ]
INFO: [ admin_begin ] --START--
INFO: Run Common\Behavior\AdminDefaultLangBehavior [ RunTime:0.010203s ]
INFO: [ admin_begin ] --END-- [ RunTime:0.010280s ]
SQL: SHOW COLUMNS FROM `xly_company` [ RunTime:0.0141s ]
SQL: SELECT * FROM `xly_company` WHERE `user_login` = 'ksdlcjzx' LIMIT 1   [ RunTime:0.0005s ]
SQL: UPDATE `xly_company` SET `company_name`='喀什市教育局',`user_login`='ksdlcjzx',`user_pass`='###3440ea56fe55470c5b910b32f2391180',`isdel`='0',`create_time`='1534821351',`user_status`='1',`last_login_ip`='118.122.96.137',`last_login_time`='2018-08-23 11:02:12' WHERE `id` = 18 [ RunTime:0.0038s ]

[ 2018-08-23T11:02:33+08:00 ] 118.122.96.137 /company/index.php?g=Admin&m=Member&a=add_post
INFO: [ app_begin ] --START--
INFO: Run Behavior\ReadHtmlCacheBehavior [ RunTime:0.004839s ]
INFO: Run Behavior\CheckLangBehavior [ RunTime:0.011770s ]
INFO: Run Common\Behavior\UrldecodeGetBehavior [ RunTime:0.005368s ]
INFO: [ app_begin ] --END-- [ RunTime:0.023726s ]
INFO: [ admin_begin ] --START--
INFO: Run Common\Behavior\AdminDefaultLangBehavior [ RunTime:0.015301s ]
INFO: [ admin_begin ] --END-- [ RunTime:0.015408s ]
SQL: SHOW COLUMNS FROM `xly_company` [ RunTime:0.0126s ]
SQL: SELECT * FROM `xly_company` WHERE `id` = 18 LIMIT 1   [ RunTime:0.0004s ]
SQL: SHOW COLUMNS FROM `xly_commonusers` [ RunTime:0.0176s ]
SQL: SELECT COUNT(*) AS tp_count FROM `xly_commonusers` WHERE ( mobile='18244281846' ) LIMIT 1   [ RunTime:0.0013s ]
NOTIC: [8] Undefined index: url E:\phpStudy\WWW\situojianzhu\company\application\Common\Controller\AppframeController.class.php 第 22 行.

[ 2018-08-23T11:02:39+08:00 ] 118.122.96.137 /company/index.php?g=Admin&m=Member&a=add_post
INFO: [ app_begin ] --START--
INFO: Run Behavior\ReadHtmlCacheBehavior [ RunTime:0.003322s ]
INFO: Run Behavior\CheckLangBehavior [ RunTime:0.008373s ]
INFO: Run Common\Behavior\UrldecodeGetBehavior [ RunTime:0.003471s ]
INFO: [ app_begin ] --END-- [ RunTime:0.016525s ]
INFO: [ admin_begin ] --START--
INFO: Run Common\Behavior\AdminDefaultLangBehavior [ RunTime:0.010458s ]
INFO: [ admin_begin ] --END-- [ RunTime:0.010530s ]
SQL: SHOW COLUMNS FROM `xly_company` [ RunTime:0.0111s ]
SQL: SELECT * FROM `xly_company` WHERE `id` = 18 LIMIT 1   [ RunTime:0.0004s ]
SQL: SHOW COLUMNS FROM `xly_commonusers` [ RunTime:0.0117s ]
SQL: SELECT COUNT(*) AS tp_count FROM `xly_commonusers` WHERE ( mobile='18244281846' ) LIMIT 1   [ RunTime:0.0010s ]
NOTIC: [8] Undefined index: url E:\phpStudy\WWW\situojianzhu\company\application\Common\Controller\AppframeController.class.php 第 22 行.

[ 2018-08-23T13:47:58+08:00 ] 118.122.96.137 /company/index.php?g=Admin&m=Member&a=add_post
INFO: [ app_begin ] --START--
INFO: Run Behavior\ReadHtmlCacheBehavior [ RunTime:0.003322s ]
INFO: Run Behavior\CheckLangBehavior [ RunTime:0.008440s ]
INFO: Run Common\Behavior\UrldecodeGetBehavior [ RunTime:0.003665s ]
INFO: [ app_begin ] --END-- [ RunTime:0.016646s ]
INFO: [ admin_begin ] --START--
INFO: Run Common\Behavior\AdminDefaultLangBehavior [ RunTime:0.010264s ]
INFO: [ admin_begin ] --END-- [ RunTime:0.010324s ]
SQL: SHOW COLUMNS FROM `xly_company` [ RunTime:0.0151s ]
SQL: SELECT * FROM `xly_company` WHERE `id` = 18 LIMIT 1   [ RunTime:0.0004s ]
SQL: SHOW COLUMNS FROM `xly_commonusers` [ RunTime:0.0151s ]
SQL: SELECT COUNT(*) AS tp_count FROM `xly_commonusers` WHERE ( mobile='15285425478' ) LIMIT 1   [ RunTime:0.0011s ]
SQL: SHOW COLUMNS FROM `xly_account` [ RunTime:0.0131s ]
SQL: INSERT INTO `xly_account` (`mobile`,`user_name`,`user_duty`,`password`,`create_time`,`company_id`) VALUES ('15285425478','11','经理','###3440ea56fe55470c5b910b32f2391180','1535003278','18') [ RunTime:0.0030s ]
NOTIC: [8] Undefined index: url E:\phpStudy\WWW\situojianzhu\company\application\Common\Controller\AppframeController.class.php 第 22 行.

[ 2018-08-23T14:15:36+08:00 ] 113.251.19.81 /company/index.php?g=&m=public&a=dologin
INFO: [ app_begin ] --START--
INFO: Run Behavior\ReadHtmlCacheBehavior [ RunTime:0.003290s ]
INFO: Run Behavior\CheckLangBehavior [ RunTime:0.007851s ]
INFO: Run Common\Behavior\UrldecodeGetBehavior [ RunTime:0.003412s ]
INFO: [ app_begin ] --END-- [ RunTime:0.015772s ]
INFO: [ admin_begin ] --START--
INFO: Run Common\Behavior\AdminDefaultLangBehavior [ RunTime:0.010184s ]
INFO: [ admin_begin ] --END-- [ RunTime:0.010252s ]
SQL: SHOW COLUMNS FROM `xly_company` [ RunTime:0.0194s ]
SQL: SELECT * FROM `xly_company` WHERE `user_login` = 'admin1234' LIMIT 1   [ RunTime:0.0005s ]
SQL: UPDATE `xly_company` SET `company_name`='测试',`user_login`='admin1234',`user_pass`='###3440ea56fe55470c5b910b32f2391180',`isdel`='0',`create_time`='1535004864',`user_status`='1',`last_login_ip`='113.251.19.81',`last_login_time`='2018-08-23 14:15:36' WHERE `id` = 19 [ RunTime:0.0018s ]

[ 2018-08-23T14:25:51+08:00 ] 113.251.19.81 /company/index.php?g=&m=public&a=dologin
INFO: [ app_begin ] --START--
INFO: Run Behavior\ReadHtmlCacheBehavior [ RunTime:0.003529s ]
INFO: Run Behavior\CheckLangBehavior [ RunTime:0.008515s ]
INFO: Run Common\Behavior\UrldecodeGetBehavior [ RunTime:0.003770s ]
INFO: [ app_begin ] --END-- [ RunTime:0.017107s ]
INFO: [ admin_begin ] --START--
INFO: Run Common\Behavior\AdminDefaultLangBehavior [ RunTime:0.010785s ]
INFO: [ admin_begin ] --END-- [ RunTime:0.010847s ]
SQL: SHOW COLUMNS FROM `xly_company` [ RunTime:0.0157s ]
SQL: SELECT * FROM `xly_company` WHERE `user_login` = 'admin1234' LIMIT 1   [ RunTime:0.0004s ]
SQL: UPDATE `xly_company` SET `company_name`='测试',`user_login`='admin1234',`user_pass`='###3440ea56fe55470c5b910b32f2391180',`isdel`='0',`create_time`='1535004864',`user_status`='1',`last_login_ip`='113.251.19.81',`last_login_time`='2018-08-23 14:25:51' WHERE `id` = 19 [ RunTime:0.0018s ]

[ 2018-08-23T14:26:27+08:00 ] 113.251.19.81 /company/index.php?g=&m=public&a=dologin
INFO: [ app_begin ] --START--
INFO: Run Behavior\ReadHtmlCacheBehavior [ RunTime:0.003310s ]
INFO: Run Behavior\CheckLangBehavior [ RunTime:0.007889s ]
INFO: Run Common\Behavior\UrldecodeGetBehavior [ RunTime:0.003448s ]
INFO: [ app_begin ] --END-- [ RunTime:0.015855s ]
INFO: [ admin_begin ] --START--
INFO: Run Common\Behavior\AdminDefaultLangBehavior [ RunTime:0.010143s ]
INFO: [ admin_begin ] --END-- [ RunTime:0.010200s ]
SQL: SHOW COLUMNS FROM `xly_company` [ RunTime:0.0191s ]
SQL: SELECT * FROM `xly_company` WHERE `user_login` = 'ksdlcjzx' LIMIT 1   [ RunTime:0.0005s ]
SQL: UPDATE `xly_company` SET `company_name`='喀什市教育局',`user_login`='ksdlcjzx',`user_pass`='###3440ea56fe55470c5b910b32f2391180',`isdel`='0',`create_time`='1534821351',`user_status`='1',`last_login_ip`='113.251.19.81',`last_login_time`='2018-08-23 14:26:27' WHERE `id` = 18 [ RunTime:0.0019s ]

[ 2018-08-23T14:26:44+08:00 ] 118.122.96.137 /company/index.php?g=&m=public&a=dologin
INFO: [ app_begin ] --START--
INFO: Run Behavior\ReadHtmlCacheBehavior [ RunTime:0.003315s ]
INFO: Run Behavior\CheckLangBehavior [ RunTime:0.007911s ]
INFO: Run Common\Behavior\UrldecodeGetBehavior [ RunTime:0.003455s ]
INFO: [ app_begin ] --END-- [ RunTime:0.015914s ]
INFO: [ admin_begin ] --START--
INFO: Run Common\Behavior\AdminDefaultLangBehavior [ RunTime:0.010272s ]
INFO: [ admin_begin ] --END-- [ RunTime:0.010333s ]
SQL: SHOW COLUMNS FROM `xly_company` [ RunTime:0.0177s ]
SQL: SELECT * FROM `xly_company` WHERE `user_login` = 'admin1234' LIMIT 1   [ RunTime:0.0004s ]
SQL: UPDATE `xly_company` SET `company_name`='测试',`user_login`='admin1234',`user_pass`='###3440ea56fe55470c5b910b32f2391180',`isdel`='0',`create_time`='1535004864',`user_status`='1',`last_login_ip`='118.122.96.137',`last_login_time`='2018-08-23 14:26:44' WHERE `id` = 19 [ RunTime:0.0019s ]

[ 2018-08-23T14:27:28+08:00 ] 118.122.96.137 /company/index.php?g=Admin&m=Member&a=add_post
INFO: [ app_begin ] --START--
INFO: Run Behavior\ReadHtmlCacheBehavior [ RunTime:0.003355s ]
INFO: Run Behavior\CheckLangBehavior [ RunTime:0.008844s ]
INFO: Run Common\Behavior\UrldecodeGetBehavior [ RunTime:0.003727s ]
INFO: [ app_begin ] --END-- [ RunTime:0.017182s ]
INFO: [ admin_begin ] --START--
INFO: Run Common\Behavior\AdminDefaultLangBehavior [ RunTime:0.010329s ]
INFO: [ admin_begin ] --END-- [ RunTime:0.010399s ]
SQL: SHOW COLUMNS FROM `xly_company` [ RunTime:0.0163s ]
SQL: SELECT * FROM `xly_company` WHERE `id` = 19 LIMIT 1   [ RunTime:0.0005s ]
SQL: SHOW COLUMNS FROM `xly_commonusers` [ RunTime:0.0142s ]
SQL: SELECT COUNT(*) AS tp_count FROM `xly_commonusers` WHERE ( mobile='13408406500' ) LIMIT 1   [ RunTime:0.0011s ]
NOTIC: [8] Undefined index: url E:\phpStudy\WWW\situojianzhu\company\application\Common\Controller\AppframeController.class.php 第 22 行.

[ 2018-08-23T14:27:41+08:00 ] 118.122.96.137 /company/index.php?g=Admin&m=Member&a=add_post
INFO: [ app_begin ] --START--
INFO: Run Behavior\ReadHtmlCacheBehavior [ RunTime:0.003320s ]
INFO: Run Behavior\CheckLangBehavior [ RunTime:0.007904s ]
INFO: Run Common\Behavior\UrldecodeGetBehavior [ RunTime:0.003417s ]
INFO: [ app_begin ] --END-- [ RunTime:0.015847s ]
INFO: [ admin_begin ] --START--
INFO: Run Common\Behavior\AdminDefaultLangBehavior [ RunTime:0.010136s ]
INFO: [ admin_begin ] --END-- [ RunTime:0.010193s ]
SQL: SHOW COLUMNS FROM `xly_company` [ RunTime:0.0158s ]
SQL: SELECT * FROM `xly_company` WHERE `id` = 19 LIMIT 1   [ RunTime:0.0004s ]
SQL: SHOW COLUMNS FROM `xly_commonusers` [ RunTime:0.0113s ]
SQL: SELECT COUNT(*) AS tp_count FROM `xly_commonusers` WHERE ( mobile='18583863800' ) LIMIT 1   [ RunTime:0.0010s ]
SQL: SHOW COLUMNS FROM `xly_account` [ RunTime:0.0094s ]
SQL: INSERT INTO `xly_account` (`mobile`,`user_name`,`user_duty`,`password`,`create_time`,`company_id`) VALUES ('18583863800','甲方后台新增','项目部经理','###3440ea56fe55470c5b910b32f2391180','1535005661','19') [ RunTime:0.0023s ]
NOTIC: [8] Undefined index: url E:\phpStudy\WWW\situojianzhu\company\application\Common\Controller\AppframeController.class.php 第 22 行.

[ 2018-08-23T14:29:27+08:00 ] 113.251.19.81 /company/index.php?g=&m=public&a=dologin
INFO: [ app_begin ] --START--
INFO: Run Behavior\ReadHtmlCacheBehavior [ RunTime:0.003399s ]
INFO: Run Behavior\CheckLangBehavior [ RunTime:0.008077s ]
INFO: Run Common\Behavior\UrldecodeGetBehavior [ RunTime:0.003700s ]
INFO: [ app_begin ] --END-- [ RunTime:0.016650s ]
INFO: [ admin_begin ] --START--
INFO: Run Common\Behavior\AdminDefaultLangBehavior [ RunTime:0.010885s ]
INFO: [ admin_begin ] --END-- [ RunTime:0.011007s ]

[ 2018-08-23T14:29:34+08:00 ] 113.251.19.81 /company/index.php?g=&m=public&a=dologin
INFO: [ app_begin ] --START--
INFO: Run Behavior\ReadHtmlCacheBehavior [ RunTime:0.003335s ]
INFO: Run Behavior\CheckLangBehavior [ RunTime:0.007819s ]
INFO: Run Common\Behavior\UrldecodeGetBehavior [ RunTime:0.003416s ]
INFO: [ app_begin ] --END-- [ RunTime:0.015802s ]
INFO: [ admin_begin ] --START--
INFO: Run Common\Behavior\AdminDefaultLangBehavior [ RunTime:0.010187s ]
INFO: [ admin_begin ] --END-- [ RunTime:0.010242s ]
SQL: SHOW COLUMNS FROM `xly_company` [ RunTime:0.0159s ]
SQL: SELECT * FROM `xly_company` WHERE `user_login` = 'admin1234' LIMIT 1   [ RunTime:0.0004s ]
SQL: UPDATE `xly_company` SET `company_name`='测试',`user_login`='admin1234',`user_pass`='###3440ea56fe55470c5b910b32f2391180',`isdel`='0',`create_time`='1535004864',`user_status`='1',`last_login_ip`='113.251.19.81',`last_login_time`='2018-08-23 14:29:34' WHERE `id` = 19 [ RunTime:0.0019s ]

[ 2018-08-23T14:31:01+08:00 ] 113.251.19.81 /company/index.php?g=Admin&m=Member&a=add_post
INFO: [ app_begin ] --START--
INFO: Run Behavior\ReadHtmlCacheBehavior [ RunTime:0.003299s ]
INFO: Run Behavior\CheckLangBehavior [ RunTime:0.007818s ]
INFO: Run Common\Behavior\UrldecodeGetBehavior [ RunTime:0.003454s ]
INFO: [ app_begin ] --END-- [ RunTime:0.015777s ]
INFO: [ admin_begin ] --START--
INFO: Run Common\Behavior\AdminDefaultLangBehavior [ RunTime:0.010178s ]
INFO: [ admin_begin ] --END-- [ RunTime:0.010237s ]
SQL: SHOW COLUMNS FROM `xly_company` [ RunTime:0.0165s ]
SQL: SELECT * FROM `xly_company` WHERE `id` = 19 LIMIT 1   [ RunTime:0.0005s ]
NOTIC: [8] Undefined index: url E:\phpStudy\WWW\situojianzhu\company\application\Common\Controller\AppframeController.class.php 第 22 行.

[ 2018-08-23T14:31:12+08:00 ] 113.251.19.81 /company/index.php?g=Admin&m=Member&a=add_post
INFO: [ app_begin ] --START--
INFO: Run Behavior\ReadHtmlCacheBehavior [ RunTime:0.003341s ]
INFO: Run Behavior\CheckLangBehavior [ RunTime:0.007935s ]
INFO: Run Common\Behavior\UrldecodeGetBehavior [ RunTime:0.003574s ]
INFO: [ app_begin ] --END-- [ RunTime:0.016146s ]
INFO: [ admin_begin ] --START--
INFO: Run Common\Behavior\AdminDefaultLangBehavior [ RunTime:0.010438s ]
INFO: [ admin_begin ] --END-- [ RunTime:0.010530s ]
SQL: SHOW COLUMNS FROM `xly_company` [ RunTime:0.0162s ]
SQL: SELECT * FROM `xly_company` WHERE `id` = 19 LIMIT 1   [ RunTime:0.0004s ]
SQL: SHOW COLUMNS FROM `xly_commonusers` [ RunTime:0.0139s ]
SQL: SELECT COUNT(*) AS tp_count FROM `xly_commonusers` WHERE ( mobile='13333333333' ) LIMIT 1   [ RunTime:0.0011s ]
SQL: SHOW COLUMNS FROM `xly_account` [ RunTime:0.0098s ]
SQL: INSERT INTO `xly_account` (`mobile`,`user_name`,`user_duty`,`password`,`create_time`,`company_id`) VALUES ('13333333333','甲方','好','###3440ea56fe55470c5b910b32f2391180','1535005872','19') [ RunTime:0.0026s ]
NOTIC: [8] Undefined index: url E:\phpStudy\WWW\situojianzhu\company\application\Common\Controller\AppframeController.class.php 第 22 行.

[ 2018-08-23T14:34:12+08:00 ] 113.251.19.81 /company/index.php?g=&m=public&a=dologin
INFO: [ app_begin ] --START--
INFO: Run Behavior\ReadHtmlCacheBehavior [ RunTime:0.003352s ]
INFO: Run Behavior\CheckLangBehavior [ RunTime:0.008107s ]
INFO: Run Common\Behavior\UrldecodeGetBehavior [ RunTime:0.003615s ]
INFO: [ app_begin ] --END-- [ RunTime:0.016380s ]
INFO: [ admin_begin ] --START--
INFO: Run Common\Behavior\AdminDefaultLangBehavior [ RunTime:0.010289s ]
INFO: [ admin_begin ] --END-- [ RunTime:0.010352s ]
SQL: SHOW COLUMNS FROM `xly_company` [ RunTime:0.0174s ]
SQL: SELECT * FROM `xly_company` WHERE `user_login` = 'ksdlcjzx' LIMIT 1   [ RunTime:0.0004s ]
SQL: UPDATE `xly_company` SET `company_name`='喀什市教育局',`user_login`='ksdlcjzx',`user_pass`='###3440ea56fe55470c5b910b32f2391180',`isdel`='0',`create_time`='1534821351',`user_status`='1',`last_login_ip`='113.251.19.81',`last_login_time`='2018-08-23 14:34:12' WHERE `id` = 18 [ RunTime:0.0016s ]

[ 2018-08-23T14:38:56+08:00 ] 113.251.19.81 /company/index.php?g=&m=public&a=dologin
INFO: [ app_begin ] --START--
INFO: Run Behavior\ReadHtmlCacheBehavior [ RunTime:0.003617s ]
INFO: Run Behavior\CheckLangBehavior [ RunTime:0.008334s ]
INFO: Run Common\Behavior\UrldecodeGetBehavior [ RunTime:0.003840s ]
INFO: [ app_begin ] --END-- [ RunTime:0.017102s ]
INFO: [ admin_begin ] --START--
INFO: Run Common\Behavior\AdminDefaultLangBehavior [ RunTime:0.011658s ]
INFO: [ admin_begin ] --END-- [ RunTime:0.011734s ]
SQL: SHOW COLUMNS FROM `xly_company` [ RunTime:0.0193s ]
SQL: SELECT * FROM `xly_company` WHERE `user_login` = 'admin1234' LIMIT 1   [ RunTime:0.0004s ]
SQL: UPDATE `xly_company` SET `company_name`='测试',`user_login`='admin1234',`user_pass`='###3440ea56fe55470c5b910b32f2391180',`isdel`='0',`create_time`='1535004864',`user_status`='1',`last_login_ip`='113.251.19.81',`last_login_time`='2018-08-23 14:38:56' WHERE `id` = 19 [ RunTime:0.0018s ]

[ 2018-08-23T14:39:14+08:00 ] 113.251.19.81 /company/index.php?g=Admin&m=Member&a=edit_post
INFO: [ app_begin ] --START--
INFO: Run Behavior\ReadHtmlCacheBehavior [ RunTime:0.003355s ]
INFO: Run Behavior\CheckLangBehavior [ RunTime:0.007940s ]
INFO: Run Common\Behavior\UrldecodeGetBehavior [ RunTime:0.003562s ]
INFO: [ app_begin ] --END-- [ RunTime:0.016121s ]
INFO: [ admin_begin ] --START--
INFO: Run Common\Behavior\AdminDefaultLangBehavior [ RunTime:0.010718s ]
INFO: [ admin_begin ] --END-- [ RunTime:0.010794s ]
SQL: SHOW COLUMNS FROM `xly_company` [ RunTime:0.0156s ]
SQL: SELECT * FROM `xly_company` WHERE `id` = 19 LIMIT 1   [ RunTime:0.0004s ]
SQL: SHOW COLUMNS FROM `xly_account` [ RunTime:0.0097s ]
SQL: UPDATE `xly_account` SET `mobile`='13452662358',`user_name`='招待费',`user_duty`='很好',`id`='34' WHERE ( id='34' ) [ RunTime:0.0019s ]
SQL: SELECT * FROM `xly_account` WHERE `id` = 34 LIMIT 1   [ RunTime:0.0003s ]
SQL: SHOW COLUMNS FROM `xly_project` [ RunTime:0.0124s ]
SQL: UPDATE `xly_project` SET `mobile`='13452662358' WHERE ( id='35' ) [ RunTime:0.0023s ]
NOTIC: [8] Undefined index: url E:\phpStudy\WWW\situojianzhu\company\application\Common\Controller\AppframeController.class.php 第 22 行.

[ 2018-08-23T14:40:14+08:00 ] 113.251.19.81 /company/index.php?g=&m=Member&a=delete
INFO: [ app_begin ] --START--
INFO: Run Behavior\ReadHtmlCacheBehavior [ RunTime:0.003336s ]
INFO: Run Behavior\CheckLangBehavior [ RunTime:0.007861s ]
INFO: Run Common\Behavior\UrldecodeGetBehavior [ RunTime:0.003399s ]
INFO: [ app_begin ] --END-- [ RunTime:0.015860s ]
INFO: [ admin_begin ] --START--
INFO: Run Common\Behavior\AdminDefaultLangBehavior [ RunTime:0.010805s ]
INFO: [ admin_begin ] --END-- [ RunTime:0.010863s ]
SQL: SHOW COLUMNS FROM `xly_company` [ RunTime:0.0249s ]
SQL: SELECT * FROM `xly_company` WHERE `id` = 19 LIMIT 1   [ RunTime:0.0005s ]
SQL: SHOW COLUMNS FROM `xly_account` [ RunTime:0.0127s ]
SQL: UPDATE `xly_account` SET `status`='2' WHERE `id` = 34 [ RunTime:0.0019s ]
NOTIC: [8] Undefined index: url E:\phpStudy\WWW\situojianzhu\company\application\Common\Controller\AppframeController.class.php 第 22 行.

[ 2018-08-23T14:59:44+08:00 ] 113.251.19.81 /company/index.php?g=&m=public&a=dologin
INFO: [ app_begin ] --START--
INFO: Run Behavior\ReadHtmlCacheBehavior [ RunTime:0.003349s ]
INFO: Run Behavior\CheckLangBehavior [ RunTime:0.008002s ]
INFO: Run Common\Behavior\UrldecodeGetBehavior [ RunTime:0.003476s ]
INFO: [ app_begin ] --END-- [ RunTime:0.016158s ]
INFO: [ admin_begin ] --START--
INFO: Run Common\Behavior\AdminDefaultLangBehavior [ RunTime:0.011028s ]
INFO: [ admin_begin ] --END-- [ RunTime:0.011094s ]
SQL: SHOW COLUMNS FROM `xly_company` [ RunTime:0.0183s ]
SQL: SELECT * FROM `xly_company` WHERE `user_login` = 'ksdlcjzx' LIMIT 1   [ RunTime:0.0011s ]
SQL: UPDATE `xly_company` SET `company_name`='喀什市教育局',`user_login`='ksdlcjzx',`user_pass`='###3440ea56fe55470c5b910b32f2391180',`isdel`='0',`create_time`='1534821351',`user_status`='1',`last_login_ip`='113.251.19.81',`last_login_time`='2018-08-23 14:59:44' WHERE `id` = 18 [ RunTime:0.0017s ]

[ 2018-08-23T15:05:28+08:00 ] 113.251.19.81 /company/index.php?g=&m=Member&a=delete
INFO: [ app_begin ] --START--
INFO: Run Behavior\ReadHtmlCacheBehavior [ RunTime:0.003394s ]
INFO: Run Behavior\CheckLangBehavior [ RunTime:0.008060s ]
INFO: Run Common\Behavior\UrldecodeGetBehavior [ RunTime:0.003679s ]
INFO: [ app_begin ] --END-- [ RunTime:0.016408s ]
INFO: [ admin_begin ] --START--
INFO: Run Common\Behavior\AdminDefaultLangBehavior [ RunTime:0.010619s ]
INFO: [ admin_begin ] --END-- [ RunTime:0.010738s ]
SQL: SHOW COLUMNS FROM `xly_company` [ RunTime:0.0160s ]
SQL: SELECT * FROM `xly_company` WHERE `id` = 18 LIMIT 1   [ RunTime:0.0005s ]
SQL: SHOW COLUMNS FROM `xly_account` [ RunTime:0.0125s ]
SQL: UPDATE `xly_account` SET `status`='2' WHERE `id` = 37 [ RunTime:0.0019s ]
NOTIC: [8] Undefined index: url E:\phpStudy\WWW\situojianzhu\company\application\Common\Controller\AppframeController.class.php 第 22 行.

[ 2018-08-23T15:06:23+08:00 ] 113.251.19.81 /company/index.php?g=Admin&m=Member&a=add_post
INFO: [ app_begin ] --START--
INFO: Run Behavior\ReadHtmlCacheBehavior [ RunTime:0.003410s ]
INFO: Run Behavior\CheckLangBehavior [ RunTime:0.008138s ]
INFO: Run Common\Behavior\UrldecodeGetBehavior [ RunTime:0.003534s ]
INFO: [ app_begin ] --END-- [ RunTime:0.016329s ]
INFO: [ admin_begin ] --START--
INFO: Run Common\Behavior\AdminDefaultLangBehavior [ RunTime:0.010454s ]
INFO: [ admin_begin ] --END-- [ RunTime:0.010514s ]
SQL: SHOW COLUMNS FROM `xly_company` [ RunTime:0.0154s ]
SQL: SELECT * FROM `xly_company` WHERE `id` = 18 LIMIT 1   [ RunTime:0.0004s ]
SQL: SHOW COLUMNS FROM `xly_commonusers` [ RunTime:0.0132s ]
SQL: SELECT COUNT(*) AS tp_count FROM `xly_commonusers` WHERE ( mobile='13445667777' ) LIMIT 1   [ RunTime:0.0011s ]
NOTIC: [8] Undefined index: url E:\phpStudy\WWW\situojianzhu\company\application\Common\Controller\AppframeController.class.php 第 22 行.

[ 2018-08-23T15:47:11+08:00 ] 113.251.19.81 /company/index.php?g=&m=public&a=dologin
INFO: [ app_begin ] --START--
INFO: Run Behavior\ReadHtmlCacheBehavior [ RunTime:0.003283s ]
INFO: Run Behavior\CheckLangBehavior [ RunTime:0.008433s ]
INFO: Run Common\Behavior\UrldecodeGetBehavior [ RunTime:0.003728s ]
INFO: [ app_begin ] --END-- [ RunTime:0.016660s ]
INFO: [ admin_begin ] --START--
INFO: Run Common\Behavior\AdminDefaultLangBehavior [ RunTime:0.010679s ]
INFO: [ admin_begin ] --END-- [ RunTime:0.010739s ]
SQL: SHOW COLUMNS FROM `xly_company` [ RunTime:0.0188s ]
SQL: SELECT * FROM `xly_company` WHERE `user_login` = 'admin' LIMIT 1   [ RunTime:0.0004s ]

[ 2018-08-23T15:47:45+08:00 ] 113.251.19.81 /company/index.php?g=&m=public&a=dologin
INFO: [ app_begin ] --START--
INFO: Run Behavior\ReadHtmlCacheBehavior [ RunTime:0.003282s ]
INFO: Run Behavior\CheckLangBehavior [ RunTime:0.007788s ]
INFO: Run Common\Behavior\UrldecodeGetBehavior [ RunTime:0.003446s ]
INFO: [ app_begin ] --END-- [ RunTime:0.015740s ]
INFO: [ admin_begin ] --START--
INFO: Run Common\Behavior\AdminDefaultLangBehavior [ RunTime:0.010114s ]
INFO: [ admin_begin ] --END-- [ RunTime:0.010174s ]
SQL: SHOW COLUMNS FROM `xly_company` [ RunTime:0.0160s ]
SQL: SELECT * FROM `xly_company` WHERE `user_login` = 'admin1234' LIMIT 1   [ RunTime:0.0004s ]
SQL: UPDATE `xly_company` SET `company_name`='测试',`user_login`='admin1234',`user_pass`='###3440ea56fe55470c5b910b32f2391180',`isdel`='0',`create_time`='1535004864',`user_status`='1',`last_login_ip`='113.251.19.81',`last_login_time`='2018-08-23 15:47:45' WHERE `id` = 19 [ RunTime:0.0017s ]

[ 2018-08-23T16:02:04+08:00 ] 113.251.19.81 /company/index.php?g=&m=public&a=dologin
INFO: [ app_begin ] --START--
INFO: Run Behavior\ReadHtmlCacheBehavior [ RunTime:0.003573s ]
INFO: Run Behavior\CheckLangBehavior [ RunTime:0.008367s ]
INFO: Run Common\Behavior\UrldecodeGetBehavior [ RunTime:0.003658s ]
INFO: [ app_begin ] --END-- [ RunTime:0.016926s ]
INFO: [ admin_begin ] --START--
INFO: Run Common\Behavior\AdminDefaultLangBehavior [ RunTime:0.011129s ]
INFO: [ admin_begin ] --END-- [ RunTime:0.011204s ]
SQL: SHOW COLUMNS FROM `xly_company` [ RunTime:0.0190s ]
SQL: SELECT * FROM `xly_company` WHERE `user_login` = 'ksdlcjzx' LIMIT 1   [ RunTime:0.0005s ]
SQL: UPDATE `xly_company` SET `company_name`='喀什市教育局',`user_login`='ksdlcjzx',`user_pass`='###3440ea56fe55470c5b910b32f2391180',`isdel`='0',`create_time`='1534821351',`user_status`='1',`last_login_ip`='113.251.19.81',`last_login_time`='2018-08-23 16:02:04' WHERE `id` = 18 [ RunTime:0.0021s ]

[ 2018-08-23T16:11:28+08:00 ] 113.251.19.81 /company/index.php?g=Admin&m=Member&a=add_post
INFO: [ app_begin ] --START--
INFO: Run Behavior\ReadHtmlCacheBehavior [ RunTime:0.003333s ]
INFO: Run Behavior\CheckLangBehavior [ RunTime:0.007919s ]
INFO: Run Common\Behavior\UrldecodeGetBehavior [ RunTime:0.003475s ]
INFO: [ app_begin ] --END-- [ RunTime:0.015988s ]
INFO: [ admin_begin ] --START--
INFO: Run Common\Behavior\AdminDefaultLangBehavior [ RunTime:0.010809s ]
INFO: [ admin_begin ] --END-- [ RunTime:0.010870s ]
SQL: SHOW COLUMNS FROM `xly_company` [ RunTime:0.0162s ]
SQL: SELECT * FROM `xly_company` WHERE `id` = 18 LIMIT 1   [ RunTime:0.0005s ]
SQL: SHOW COLUMNS FROM `xly_commonusers` [ RunTime:0.0108s ]
SQL: SELECT COUNT(*) AS tp_count FROM `xly_commonusers` WHERE ( mobile='15923063592' ) LIMIT 1   [ RunTime:0.0010s ]
SQL: SHOW COLUMNS FROM `xly_account` [ RunTime:0.0104s ]
SQL: INSERT INTO `xly_account` (`mobile`,`user_name`,`user_duty`,`password`,`create_time`,`company_id`) VALUES ('15923063592','测试1','测试人员','###3440ea56fe55470c5b910b32f2391180','1535011888','18') [ RunTime:0.0030s ]
NOTIC: [8] Undefined index: url E:\phpStudy\WWW\situojianzhu\company\application\Common\Controller\AppframeController.class.php 第 22 行.

[ 2018-08-23T16:12:41+08:00 ] 113.251.19.81 /company/index.php?g=Admin&m=Member&a=edit_post
INFO: [ app_begin ] --START--
INFO: Run Behavior\ReadHtmlCacheBehavior [ RunTime:0.003313s ]
INFO: Run Behavior\CheckLangBehavior [ RunTime:0.008432s ]
INFO: Run Common\Behavior\UrldecodeGetBehavior [ RunTime:0.003683s ]
INFO: [ app_begin ] --END-- [ RunTime:0.016811s ]
INFO: [ admin_begin ] --START--
INFO: Run Common\Behavior\AdminDefaultLangBehavior [ RunTime:0.011059s ]
INFO: [ admin_begin ] --END-- [ RunTime:0.011119s ]
SQL: SHOW COLUMNS FROM `xly_company` [ RunTime:0.0160s ]
SQL: SELECT * FROM `xly_company` WHERE `id` = 18 LIMIT 1   [ RunTime:0.0005s ]
SQL: SHOW COLUMNS FROM `xly_account` [ RunTime:0.0104s ]
SQL: UPDATE `xly_account` SET `mobile`='13444546677',`user_name`='adc',`user_duty`='adv',`id`='39' WHERE ( id='39' ) [ RunTime:0.0019s ]
SQL: SELECT * FROM `xly_account` WHERE `id` = 39 LIMIT 1   [ RunTime:0.0004s ]
SQL: SHOW COLUMNS FROM `xly_project` [ RunTime:0.0137s ]
SQL: UPDATE `xly_project` SET `mobile`='13444546677' WHERE ( id='37' ) [ RunTime:0.0023s ]
NOTIC: [8] Undefined index: url E:\phpStudy\WWW\situojianzhu\company\application\Common\Controller\AppframeController.class.php 第 22 行.

[ 2018-08-23T16:17:10+08:00 ] 113.251.19.81 /company/index.php?g=&m=Member&a=delete
INFO: [ app_begin ] --START--
INFO: Run Behavior\ReadHtmlCacheBehavior [ RunTime:0.003310s ]
INFO: Run Behavior\CheckLangBehavior [ RunTime:0.008002s ]
INFO: Run Common\Behavior\UrldecodeGetBehavior [ RunTime:0.003492s ]
INFO: [ app_begin ] --END-- [ RunTime:0.016032s ]
INFO: [ admin_begin ] --START--
INFO: Run Common\Behavior\AdminDefaultLangBehavior [ RunTime:0.010857s ]
INFO: [ admin_begin ] --END-- [ RunTime:0.010916s ]
SQL: SHOW COLUMNS FROM `xly_company` [ RunTime:0.0156s ]
SQL: SELECT * FROM `xly_company` WHERE `id` = 18 LIMIT 1   [ RunTime:0.0004s ]
SQL: SHOW COLUMNS FROM `xly_account` [ RunTime:0.0098s ]
SQL: UPDATE `xly_account` SET `status`='2' WHERE `id` = 32 [ RunTime:0.0016s ]
NOTIC: [8] Undefined index: url E:\phpStudy\WWW\situojianzhu\company\application\Common\Controller\AppframeController.class.php 第 22 行.

[ 2018-08-23T16:31:22+08:00 ] 113.251.19.81 /company/index.php?g=&m=Member&a=delete
INFO: [ app_begin ] --START--
INFO: Run Behavior\ReadHtmlCacheBehavior [ RunTime:0.003493s ]
INFO: Run Behavior\CheckLangBehavior [ RunTime:0.008552s ]
INFO: Run Common\Behavior\UrldecodeGetBehavior [ RunTime:0.003720s ]
INFO: [ app_begin ] --END-- [ RunTime:0.017159s ]
INFO: [ admin_begin ] --START--
INFO: Run Common\Behavior\AdminDefaultLangBehavior [ RunTime:0.011246s ]
INFO: [ admin_begin ] --END-- [ RunTime:0.011309s ]
SQL: SHOW COLUMNS FROM `xly_company` [ RunTime:0.0158s ]
SQL: SELECT * FROM `xly_company` WHERE `id` = 18 LIMIT 1   [ RunTime:0.0004s ]
SQL: SHOW COLUMNS FROM `xly_account` [ RunTime:0.0128s ]
SQL: UPDATE `xly_account` SET `status`='2' WHERE `id` = 39 [ RunTime:0.0021s ]
NOTIC: [8] Undefined index: url E:\phpStudy\WWW\situojianzhu\company\application\Common\Controller\AppframeController.class.php 第 22 行.

[ 2018-08-23T16:50:12+08:00 ] 113.251.19.81 /company/index.php?g=Admin&m=Member&a=add_post
INFO: [ app_begin ] --START--
INFO: Run Behavior\ReadHtmlCacheBehavior [ RunTime:0.004693s ]
INFO: Run Behavior\CheckLangBehavior [ RunTime:0.009506s ]
INFO: Run Common\Behavior\UrldecodeGetBehavior [ RunTime:0.004047s ]
INFO: [ app_begin ] --END-- [ RunTime:0.019909s ]
INFO: [ admin_begin ] --START--
INFO: Run Common\Behavior\AdminDefaultLangBehavior [ RunTime:0.012966s ]
INFO: [ admin_begin ] --END-- [ RunTime:0.013044s ]
SQL: SHOW COLUMNS FROM `xly_company` [ RunTime:0.0161s ]
SQL: SELECT * FROM `xly_company` WHERE `id` = 18 LIMIT 1   [ RunTime:0.0004s ]
SQL: SHOW COLUMNS FROM `xly_commonusers` [ RunTime:0.0139s ]
SQL: SELECT COUNT(*) AS tp_count FROM `xly_commonusers` WHERE ( mobile='14255768676' ) LIMIT 1   [ RunTime:0.0012s ]
SQL: SHOW COLUMNS FROM `xly_account` [ RunTime:0.0098s ]
SQL: INSERT INTO `xly_account` (`mobile`,`user_name`,`user_duty`,`password`,`create_time`,`company_id`) VALUES ('14255768676','的范德萨的','是否分v','###3440ea56fe55470c5b910b32f2391180','1535014212','18') [ RunTime:0.0033s ]
NOTIC: [8] Undefined index: url E:\phpStudy\WWW\situojianzhu\company\application\Common\Controller\AppframeController.class.php 第 22 行.

[ 2018-08-23T16:51:56+08:00 ] 113.251.19.81 /company/index.php?g=Admin&m=Member&a=edit_post
INFO: [ app_begin ] --START--
INFO: Run Behavior\ReadHtmlCacheBehavior [ RunTime:0.003305s ]
INFO: Run Behavior\CheckLangBehavior [ RunTime:0.007862s ]
INFO: Run Common\Behavior\UrldecodeGetBehavior [ RunTime:0.003419s ]
INFO: [ app_begin ] --END-- [ RunTime:0.015805s ]
INFO: [ admin_begin ] --START--
INFO: Run Common\Behavior\AdminDefaultLangBehavior [ RunTime:0.010883s ]
INFO: [ admin_begin ] --END-- [ RunTime:0.010943s ]
SQL: SHOW COLUMNS FROM `xly_company` [ RunTime:0.0156s ]
SQL: SELECT * FROM `xly_company` WHERE `id` = 18 LIMIT 1   [ RunTime:0.0004s ]
SQL: SHOW COLUMNS FROM `xly_account` [ RunTime:0.0107s ]
SQL: SELECT COUNT(*) AS tp_count FROM `xly_account` WHERE ( mobile='14353646567' ) LIMIT 1   [ RunTime:0.0003s ]
SQL: UPDATE `xly_account` SET `mobile`='14353646567',`user_name`='但',`user_duty`='但',`id`='41' WHERE ( id='41' ) [ RunTime:0.0018s ]
SQL: SELECT * FROM `xly_account` WHERE `id` = 41 LIMIT 1   [ RunTime:0.0003s ]
SQL: SHOW COLUMNS FROM `xly_project` [ RunTime:0.0141s ]
SQL: UPDATE `xly_project` SET `mobile`='14353646567' WHERE ( id='38' ) [ RunTime:0.0026s ]
NOTIC: [8] Undefined index: url E:\phpStudy\WWW\situojianzhu\company\application\Common\Controller\AppframeController.class.php 第 22 行.

[ 2018-08-23T16:52:54+08:00 ] 113.251.19.81 /company/index.php?g=Admin&m=Member&a=edit_post
INFO: [ app_begin ] --START--
INFO: Run Behavior\ReadHtmlCacheBehavior [ RunTime:0.003346s ]
INFO: Run Behavior\CheckLangBehavior [ RunTime:0.007889s ]
INFO: Run Common\Behavior\UrldecodeGetBehavior [ RunTime:0.003780s ]
INFO: [ app_begin ] --END-- [ RunTime:0.016256s ]
INFO: [ admin_begin ] --START--
INFO: Run Common\Behavior\AdminDefaultLangBehavior [ RunTime:0.011009s ]
INFO: [ admin_begin ] --END-- [ RunTime:0.011076s ]
SQL: SHOW COLUMNS FROM `xly_company` [ RunTime:0.0164s ]
SQL: SELECT * FROM `xly_company` WHERE `id` = 18 LIMIT 1   [ RunTime:0.0006s ]
SQL: SHOW COLUMNS FROM `xly_account` [ RunTime:0.0107s ]
SQL: SELECT COUNT(*) AS tp_count FROM `xly_account` WHERE ( mobile='14353646588' ) LIMIT 1   [ RunTime:0.0003s ]
SQL: UPDATE `xly_account` SET `mobile`='14353646588',`user_name`='但',`user_duty`='但',`id`='41' WHERE ( id='41' ) [ RunTime:0.0018s ]
SQL: SELECT * FROM `xly_account` WHERE `id` = 41 LIMIT 1   [ RunTime:0.0003s ]
SQL: SHOW COLUMNS FROM `xly_project` [ RunTime:0.0157s ]
SQL: UPDATE `xly_project` SET `mobile`='14353646588' WHERE ( id='38' ) [ RunTime:0.0108s ]
NOTIC: [8] Undefined index: url E:\phpStudy\WWW\situojianzhu\company\application\Common\Controller\AppframeController.class.php 第 22 行.

[ 2018-08-23T16:53:16+08:00 ] 113.251.19.81 /company/index.php?g=&m=Member&a=delete
INFO: [ app_begin ] --START--
INFO: Run Behavior\ReadHtmlCacheBehavior [ RunTime:0.003401s ]
INFO: Run Behavior\CheckLangBehavior [ RunTime:0.007950s ]
INFO: Run Common\Behavior\UrldecodeGetBehavior [ RunTime:0.003485s ]
INFO: [ app_begin ] --END-- [ RunTime:0.016114s ]
INFO: [ admin_begin ] --START--
INFO: Run Common\Behavior\AdminDefaultLangBehavior [ RunTime:0.010576s ]
INFO: [ admin_begin ] --END-- [ RunTime:0.010638s ]
SQL: SHOW COLUMNS FROM `xly_company` [ RunTime:0.0159s ]
SQL: SELECT * FROM `xly_company` WHERE `id` = 18 LIMIT 1   [ RunTime:0.0004s ]
SQL: SHOW COLUMNS FROM `xly_account` [ RunTime:0.0139s ]
SQL: UPDATE `xly_account` SET `status`='2' WHERE `id` = 41 [ RunTime:0.0018s ]
NOTIC: [8] Undefined index: url E:\phpStudy\WWW\situojianzhu\company\application\Common\Controller\AppframeController.class.php 第 22 行.

[ 2018-08-23T16:54:33+08:00 ] 113.251.19.81 /company/index.php?g=Admin&m=Member&a=edit_post
INFO: [ app_begin ] --START--
INFO: Run Behavior\ReadHtmlCacheBehavior [ RunTime:0.003298s ]
INFO: Run Behavior\CheckLangBehavior [ RunTime:0.008304s ]
INFO: Run Common\Behavior\UrldecodeGetBehavior [ RunTime:0.003476s ]
INFO: [ app_begin ] --END-- [ RunTime:0.016288s ]
INFO: [ admin_begin ] --START--
INFO: Run Common\Behavior\AdminDefaultLangBehavior [ RunTime:0.010063s ]
INFO: [ admin_begin ] --END-- [ RunTime:0.010121s ]
SQL: SHOW COLUMNS FROM `xly_company` [ RunTime:0.0166s ]
SQL: SELECT * FROM `xly_company` WHERE `id` = 18 LIMIT 1   [ RunTime:0.0004s ]
SQL: SHOW COLUMNS FROM `xly_account` [ RunTime:0.0120s ]
SQL: UPDATE `xly_account` SET `mobile`='13445667777',`user_name`='是否123',`user_duty`='是否',`id`='37' WHERE ( id='37' ) [ RunTime:0.0019s ]
SQL: SELECT * FROM `xly_account` WHERE `id` = 37 LIMIT 1   [ RunTime:0.0003s ]
SQL: SHOW COLUMNS FROM `xly_project` [ RunTime:0.0100s ]
SQL: UPDATE `xly_project` SET `mobile`='13445667777' WHERE ( id='36' ) [ RunTime:0.0024s ]
NOTIC: [8] Undefined index: url E:\phpStudy\WWW\situojianzhu\company\application\Common\Controller\AppframeController.class.php 第 22 行.

[ 2018-08-23T16:55:05+08:00 ] 113.251.19.81 /company/index.php?g=Admin&m=Member&a=edit_post
INFO: [ app_begin ] --START--
INFO: Run Behavior\ReadHtmlCacheBehavior [ RunTime:0.003335s ]
INFO: Run Behavior\CheckLangBehavior [ RunTime:0.007858s ]
INFO: Run Common\Behavior\UrldecodeGetBehavior [ RunTime:0.003428s ]
INFO: [ app_begin ] --END-- [ RunTime:0.015887s ]
INFO: [ admin_begin ] --START--
INFO: Run Common\Behavior\AdminDefaultLangBehavior [ RunTime:0.010200s ]
INFO: [ admin_begin ] --END-- [ RunTime:0.010270s ]
SQL: SHOW COLUMNS FROM `xly_company` [ RunTime:0.0162s ]
SQL: SELECT * FROM `xly_company` WHERE `id` = 18 LIMIT 1   [ RunTime:0.0004s ]
SQL: SHOW COLUMNS FROM `xly_account` [ RunTime:0.0104s ]
SQL: UPDATE `xly_account` SET `mobile`='13445667777',`user_name`='是否123',`user_duty`='是否666',`id`='37' WHERE ( id='37' ) [ RunTime:0.0030s ]
SQL: SELECT * FROM `xly_account` WHERE `id` = 37 LIMIT 1   [ RunTime:0.0004s ]
SQL: SHOW COLUMNS FROM `xly_project` [ RunTime:0.0102s ]
SQL: UPDATE `xly_project` SET `mobile`='13445667777' WHERE ( id='36' ) [ RunTime:0.0015s ]
NOTIC: [8] Undefined index: url E:\phpStudy\WWW\situojianzhu\company\application\Common\Controller\AppframeController.class.php 第 22 行.

[ 2018-08-23T17:16:22+08:00 ] 113.251.19.81 /company/index.php?g=Admin&m=Member&a=edit_post
INFO: [ app_begin ] --START--
INFO: Run Behavior\ReadHtmlCacheBehavior [ RunTime:0.003298s ]
INFO: Run Behavior\CheckLangBehavior [ RunTime:0.007884s ]
INFO: Run Common\Behavior\UrldecodeGetBehavior [ RunTime:0.003472s ]
INFO: [ app_begin ] --END-- [ RunTime:0.015887s ]
INFO: [ admin_begin ] --START--
INFO: Run Common\Behavior\AdminDefaultLangBehavior [ RunTime:0.010226s ]
INFO: [ admin_begin ] --END-- [ RunTime:0.010297s ]
SQL: SHOW COLUMNS FROM `xly_company` [ RunTime:0.0149s ]
SQL: SELECT * FROM `xly_company` WHERE `id` = 18 LIMIT 1   [ RunTime:0.0004s ]
SQL: SHOW COLUMNS FROM `xly_account` [ RunTime:0.0094s ]
SQL: UPDATE `xly_account` SET `mobile`='13445667777',`user_name`='是否1',`user_duty`='是否6',`id`='37' WHERE ( id='37' ) [ RunTime:0.0024s ]
SQL: SELECT * FROM `xly_account` WHERE `id` = 37 LIMIT 1   [ RunTime:0.0003s ]
SQL: SHOW COLUMNS FROM `xly_project` [ RunTime:0.0092s ]
SQL: UPDATE `xly_project` SET `mobile`='13445667777',`principal_name`='是否1',`duty`='是否6' WHERE ( id='36' ) [ RunTime:0.0025s ]
NOTIC: [8] Undefined index: url E:\phpStudy\WWW\situojianzhu\company\application\Common\Controller\AppframeController.class.php 第 22 行.

[ 2018-08-23T17:17:34+08:00 ] 113.251.19.81 /company/index.php?g=&m=Member&a=delete
INFO: [ app_begin ] --START--
INFO: Run Behavior\ReadHtmlCacheBehavior [ RunTime:0.003280s ]
INFO: Run Behavior\CheckLangBehavior [ RunTime:0.007865s ]
INFO: Run Common\Behavior\UrldecodeGetBehavior [ RunTime:0.003475s ]
INFO: [ app_begin ] --END-- [ RunTime:0.015849s ]
INFO: [ admin_begin ] --START--
INFO: Run Common\Behavior\AdminDefaultLangBehavior [ RunTime:0.010087s ]
INFO: [ admin_begin ] --END-- [ RunTime:0.010143s ]
SQL: SHOW COLUMNS FROM `xly_company` [ RunTime:0.0157s ]
SQL: SELECT * FROM `xly_company` WHERE `id` = 18 LIMIT 1   [ RunTime:0.0004s ]
SQL: SHOW COLUMNS FROM `xly_account` [ RunTime:0.0099s ]
SQL: UPDATE `xly_account` SET `status`='2' WHERE `id` = 42 [ RunTime:0.0019s ]
NOTIC: [8] Undefined index: url E:\phpStudy\WWW\situojianzhu\company\application\Common\Controller\AppframeController.class.php 第 22 行.

[ 2018-08-23T17:19:29+08:00 ] 113.251.19.81 /company/index.php?g=Admin&m=Member&a=edit_post
INFO: [ app_begin ] --START--
INFO: Run Behavior\ReadHtmlCacheBehavior [ RunTime:0.004326s ]
INFO: Run Behavior\CheckLangBehavior [ RunTime:0.008657s ]
INFO: Run Common\Behavior\UrldecodeGetBehavior [ RunTime:0.004479s ]
INFO: [ app_begin ] --END-- [ RunTime:0.018947s ]
INFO: [ admin_begin ] --START--
INFO: Run Common\Behavior\AdminDefaultLangBehavior [ RunTime:0.010573s ]
INFO: [ admin_begin ] --END-- [ RunTime:0.010747s ]
SQL: SHOW COLUMNS FROM `xly_company` [ RunTime:0.0163s ]
SQL: SELECT * FROM `xly_company` WHERE `id` = 18 LIMIT 1   [ RunTime:0.0004s ]
SQL: SHOW COLUMNS FROM `xly_account` [ RunTime:0.0102s ]
SQL: SELECT COUNT(*) AS tp_count FROM `xly_account` WHERE ( mobile='14553346638' ) LIMIT 1   [ RunTime:0.0003s ]
SQL: UPDATE `xly_account` SET `mobile`='14553346638',`user_name`='个',`user_duty`='个',`id`='43' WHERE ( id='43' ) [ RunTime:0.0018s ]
SQL: SELECT * FROM `xly_account` WHERE `id` = 43 LIMIT 1   [ RunTime:0.0003s ]
SQL: SHOW COLUMNS FROM `xly_project` [ RunTime:0.0099s ]
SQL: UPDATE `xly_project` SET `mobile`='14553346638',`principal_name`='个',`duty`='个' WHERE ( id='40' ) [ RunTime:0.0022s ]
NOTIC: [8] Undefined index: url E:\phpStudy\WWW\situojianzhu\company\application\Common\Controller\AppframeController.class.php 第 22 行.

[ 2018-08-23T17:20:05+08:00 ] 113.251.19.81 /company/index.php?g=Admin&m=Member&a=add_post
INFO: [ app_begin ] --START--
INFO: Run Behavior\ReadHtmlCacheBehavior [ RunTime:0.003360s ]
INFO: Run Behavior\CheckLangBehavior [ RunTime:0.007955s ]
INFO: Run Common\Behavior\UrldecodeGetBehavior [ RunTime:0.003480s ]
INFO: [ app_begin ] --END-- [ RunTime:0.016098s ]
INFO: [ admin_begin ] --START--
INFO: Run Common\Behavior\AdminDefaultLangBehavior [ RunTime:0.010245s ]
INFO: [ admin_begin ] --END-- [ RunTime:0.010302s ]
SQL: SHOW COLUMNS FROM `xly_company` [ RunTime:0.0168s ]
SQL: SELECT * FROM `xly_company` WHERE `id` = 18 LIMIT 1   [ RunTime:0.0003s ]
SQL: SHOW COLUMNS FROM `xly_commonusers` [ RunTime:0.0137s ]
SQL: SELECT COUNT(*) AS tp_count FROM `xly_commonusers` WHERE ( mobile='13344545444' ) LIMIT 1   [ RunTime:0.0010s ]
SQL: SHOW COLUMNS FROM `xly_account` [ RunTime:0.0099s ]
SQL: INSERT INTO `xly_account` (`mobile`,`user_name`,`user_duty`,`password`,`create_time`,`company_id`) VALUES ('13344545444','地方帮我','帮我','###3440ea56fe55470c5b910b32f2391180','1535016005','18') [ RunTime:0.0027s ]
NOTIC: [8] Undefined index: url E:\phpStudy\WWW\situojianzhu\company\application\Common\Controller\AppframeController.class.php 第 22 行.

[ 2018-08-23T17:48:23+08:00 ] 171.217.133.58 /company/index.php?g=Admin&m=Member&a=add_post
INFO: [ app_begin ] --START--
INFO: Run Behavior\ReadHtmlCacheBehavior [ RunTime:0.003915s ]
INFO: Run Behavior\CheckLangBehavior [ RunTime:0.008537s ]
INFO: Run Common\Behavior\UrldecodeGetBehavior [ RunTime:0.003510s ]
INFO: [ app_begin ] --END-- [ RunTime:0.017285s ]
INFO: [ admin_begin ] --START--
INFO: Run Common\Behavior\AdminDefaultLangBehavior [ RunTime:0.010240s ]
INFO: [ admin_begin ] --END-- [ RunTime:0.010297s ]
SQL: SHOW COLUMNS FROM `xly_company` [ RunTime:0.0160s ]
SQL: SELECT * FROM `xly_company` WHERE `id` = 19 LIMIT 1   [ RunTime:0.0004s ]
NOTIC: [8] Undefined index: url E:\phpStudy\WWW\situojianzhu\company\application\Common\Controller\AppframeController.class.php 第 22 行.

[ 2018-08-23T17:48:32+08:00 ] 171.217.133.58 /company/index.php?g=Admin&m=Member&a=add_post
INFO: [ app_begin ] --START--
INFO: Run Behavior\ReadHtmlCacheBehavior [ RunTime:0.003293s ]
INFO: Run Behavior\CheckLangBehavior [ RunTime:0.008154s ]
INFO: Run Common\Behavior\UrldecodeGetBehavior [ RunTime:0.003602s ]
INFO: [ app_begin ] --END-- [ RunTime:0.016262s ]
INFO: [ admin_begin ] --START--
INFO: Run Common\Behavior\AdminDefaultLangBehavior [ RunTime:0.010600s ]
INFO: [ admin_begin ] --END-- [ RunTime:0.010656s ]
SQL: SHOW COLUMNS FROM `xly_company` [ RunTime:0.0164s ]
SQL: SELECT * FROM `xly_company` WHERE `id` = 19 LIMIT 1   [ RunTime:0.0004s ]
SQL: SHOW COLUMNS FROM `xly_commonusers` [ RunTime:0.0137s ]
SQL: SELECT COUNT(*) AS tp_count FROM `xly_commonusers` WHERE ( mobile='18583836899' ) LIMIT 1   [ RunTime:0.0010s ]
SQL: SHOW COLUMNS FROM `xly_account` [ RunTime:0.0093s ]
SQL: INSERT INTO `xly_account` (`mobile`,`user_name`,`user_duty`,`password`,`create_time`,`company_id`) VALUES ('18583836899','甲方重新添加','事业部经理','###3440ea56fe55470c5b910b32f2391180','1535017712','19') [ RunTime:0.0051s ]
NOTIC: [8] Undefined index: url E:\phpStudy\WWW\situojianzhu\company\application\Common\Controller\AppframeController.class.php 第 22 行.

[ 2018-08-23T17:48:44+08:00 ] 171.217.133.58 /company/index.php?g=&m=Member&a=delete
INFO: [ app_begin ] --START--
INFO: Run Behavior\ReadHtmlCacheBehavior [ RunTime:0.003580s ]
INFO: Run Behavior\CheckLangBehavior [ RunTime:0.008339s ]
INFO: Run Common\Behavior\UrldecodeGetBehavior [ RunTime:0.003749s ]
INFO: [ app_begin ] --END-- [ RunTime:0.016945s ]
INFO: [ admin_begin ] --START--
INFO: Run Common\Behavior\AdminDefaultLangBehavior [ RunTime:0.010182s ]
INFO: [ admin_begin ] --END-- [ RunTime:0.010238s ]
SQL: SHOW COLUMNS FROM `xly_company` [ RunTime:0.0157s ]
SQL: SELECT * FROM `xly_company` WHERE `id` = 19 LIMIT 1   [ RunTime:0.0004s ]
SQL: SHOW COLUMNS FROM `xly_account` [ RunTime:0.0113s ]
SQL: UPDATE `xly_account` SET `status`='2' WHERE `id` = 45 [ RunTime:0.0017s ]
NOTIC: [8] Undefined index: url E:\phpStudy\WWW\situojianzhu\company\application\Common\Controller\AppframeController.class.php 第 22 行.

[ 2018-08-23T17:51:30+08:00 ] 171.217.133.58 /company/index.php?g=Admin&m=Member&a=add_post
INFO: [ app_begin ] --START--
INFO: Run Behavior\ReadHtmlCacheBehavior [ RunTime:0.003570s ]
INFO: Run Behavior\CheckLangBehavior [ RunTime:0.008430s ]
INFO: Run Common\Behavior\UrldecodeGetBehavior [ RunTime:0.004288s ]
INFO: [ app_begin ] --END-- [ RunTime:0.017613s ]
INFO: [ admin_begin ] --START--
INFO: Run Common\Behavior\AdminDefaultLangBehavior [ RunTime:0.010485s ]
INFO: [ admin_begin ] --END-- [ RunTime:0.010542s ]
SQL: SHOW COLUMNS FROM `xly_company` [ RunTime:0.0169s ]
SQL: SELECT * FROM `xly_company` WHERE `id` = 19 LIMIT 1   [ RunTime:0.0004s ]
SQL: SHOW COLUMNS FROM `xly_commonusers` [ RunTime:0.0152s ]
SQL: SELECT COUNT(*) AS tp_count FROM `xly_commonusers` WHERE ( mobile='18583863898' ) LIMIT 1   [ RunTime:0.0014s ]
SQL: SHOW COLUMNS FROM `xly_account` [ RunTime:0.0109s ]
SQL: INSERT INTO `xly_account` (`mobile`,`user_name`,`user_duty`,`password`,`create_time`,`company_id`) VALUES ('18583863898','冻结账号测试','1243','###3440ea56fe55470c5b910b32f2391180','1535017890','19') [ RunTime:0.0025s ]
NOTIC: [8] Undefined index: url E:\phpStudy\WWW\situojianzhu\company\application\Common\Controller\AppframeController.class.php 第 22 行.

[ 2018-08-23T17:51:46+08:00 ] 171.217.133.58 /company/index.php?g=&m=Member&a=delete
INFO: [ app_begin ] --START--
INFO: Run Behavior\ReadHtmlCacheBehavior [ RunTime:0.003367s ]
INFO: Run Behavior\CheckLangBehavior [ RunTime:0.008811s ]
INFO: Run Common\Behavior\UrldecodeGetBehavior [ RunTime:0.003894s ]
INFO: [ app_begin ] --END-- [ RunTime:0.017310s ]
INFO: [ admin_begin ] --START--
INFO: Run Common\Behavior\AdminDefaultLangBehavior [ RunTime:0.010220s ]
INFO: [ admin_begin ] --END-- [ RunTime:0.010282s ]
SQL: SHOW COLUMNS FROM `xly_company` [ RunTime:0.0160s ]
SQL: SELECT * FROM `xly_company` WHERE `id` = 19 LIMIT 1   [ RunTime:0.0004s ]
SQL: SHOW COLUMNS FROM `xly_account` [ RunTime:0.0118s ]
SQL: UPDATE `xly_account` SET `status`='2' WHERE `id` = 46 [ RunTime:0.0014s ]
NOTIC: [8] Undefined index: url E:\phpStudy\WWW\situojianzhu\company\application\Common\Controller\AppframeController.class.php 第 22 行.

[ 2018-08-23T18:01:52+08:00 ] 113.251.19.81 /company/index.php?g=Admin&m=Member&a=add_post
INFO: [ app_begin ] --START--
INFO: Run Behavior\ReadHtmlCacheBehavior [ RunTime:0.003356s ]
INFO: Run Behavior\CheckLangBehavior [ RunTime:0.008286s ]
INFO: Run Common\Behavior\UrldecodeGetBehavior [ RunTime:0.003628s ]
INFO: [ app_begin ] --END-- [ RunTime:0.016565s ]
INFO: [ admin_begin ] --START--
INFO: Run Common\Behavior\AdminDefaultLangBehavior [ RunTime:0.010335s ]
INFO: [ admin_begin ] --END-- [ RunTime:0.010388s ]
SQL: SHOW COLUMNS FROM `xly_company` [ RunTime:0.0157s ]
SQL: SELECT * FROM `xly_company` WHERE `id` = 18 LIMIT 1   [ RunTime:0.0004s ]
SQL: SHOW COLUMNS FROM `xly_commonusers` [ RunTime:0.0129s ]
SQL: SELECT COUNT(*) AS tp_count FROM `xly_commonusers` WHERE ( mobile='15923690551' ) LIMIT 1   [ RunTime:0.0010s ]
SQL: SHOW COLUMNS FROM `xly_account` [ RunTime:0.0092s ]
SQL: INSERT INTO `xly_account` (`mobile`,`user_name`,`user_duty`,`password`,`create_time`,`company_id`) VALUES ('15923690551','测试2','测试人员','###3440ea56fe55470c5b910b32f2391180','1535018512','18') [ RunTime:0.0026s ]
NOTIC: [8] Undefined index: url E:\phpStudy\WWW\situojianzhu\company\application\Common\Controller\AppframeController.class.php 第 22 行.

[ 2018-08-23T18:04:38+08:00 ] 113.251.19.81 /company/index.php?g=Admin&m=Member&a=add_post
INFO: [ app_begin ] --START--
INFO: Run Behavior\ReadHtmlCacheBehavior [ RunTime:0.004609s ]
INFO: Run Behavior\CheckLangBehavior [ RunTime:0.010675s ]
INFO: Run Common\Behavior\UrldecodeGetBehavior [ RunTime:0.004367s ]
INFO: [ app_begin ] --END-- [ RunTime:0.021410s ]
INFO: [ admin_begin ] --START--
INFO: Run Common\Behavior\AdminDefaultLangBehavior [ RunTime:0.010685s ]
INFO: [ admin_begin ] --END-- [ RunTime:0.010750s ]
SQL: SHOW COLUMNS FROM `xly_company` [ RunTime:0.0201s ]
SQL: SELECT * FROM `xly_company` WHERE `id` = 18 LIMIT 1   [ RunTime:0.0005s ]
SQL: SHOW COLUMNS FROM `xly_commonusers` [ RunTime:0.0127s ]
SQL: SELECT COUNT(*) AS tp_count FROM `xly_commonusers` WHERE ( mobile='14434353434' ) LIMIT 1   [ RunTime:0.0013s ]
SQL: SHOW COLUMNS FROM `xly_account` [ RunTime:0.0126s ]
SQL: INSERT INTO `xly_account` (`mobile`,`user_name`,`user_duty`,`password`,`create_time`,`company_id`) VALUES ('14434353434','师德师风','啊','###3440ea56fe55470c5b910b32f2391180','1535018678','18') [ RunTime:0.0016s ]
NOTIC: [8] Undefined index: url E:\phpStudy\WWW\situojianzhu\company\application\Common\Controller\AppframeController.class.php 第 22 行.

[ 2018-08-23T18:05:21+08:00 ] 113.251.19.81 /company/index.php?g=Admin&m=Member&a=add_post
INFO: [ app_begin ] --START--
INFO: Run Behavior\ReadHtmlCacheBehavior [ RunTime:0.003380s ]
INFO: Run Behavior\CheckLangBehavior [ RunTime:0.008113s ]
INFO: Run Common\Behavior\UrldecodeGetBehavior [ RunTime:0.003512s ]
INFO: [ app_begin ] --END-- [ RunTime:0.016244s ]
INFO: [ admin_begin ] --START--
INFO: Run Common\Behavior\AdminDefaultLangBehavior [ RunTime:0.010468s ]
INFO: [ admin_begin ] --END-- [ RunTime:0.010525s ]
SQL: SHOW COLUMNS FROM `xly_company` [ RunTime:0.0160s ]
SQL: SELECT * FROM `xly_company` WHERE `id` = 18 LIMIT 1   [ RunTime:0.0004s ]
SQL: SHOW COLUMNS FROM `xly_commonusers` [ RunTime:0.0099s ]
SQL: SELECT COUNT(*) AS tp_count FROM `xly_commonusers` WHERE ( mobile='13509450604' ) LIMIT 1   [ RunTime:0.0009s ]
SQL: SHOW COLUMNS FROM `xly_account` [ RunTime:0.0091s ]
SQL: INSERT INTO `xly_account` (`mobile`,`user_name`,`user_duty`,`password`,`create_time`,`company_id`) VALUES ('13509450604','黄','经理','###3440ea56fe55470c5b910b32f2391180','1535018721','18') [ RunTime:0.0027s ]
NOTIC: [8] Undefined index: url E:\phpStudy\WWW\situojianzhu\company\application\Common\Controller\AppframeController.class.php 第 22 行.

