[ 2018-08-27T14:25:49+08:00 ] 118.112.88.128 /company/index.php?g=&m=public&a=dologin
INFO: [ app_begin ] --START--
INFO: Run Behavior\ReadHtmlCacheBehavior [ RunTime:0.003253s ]
INFO: Run Behavior\CheckLangBehavior [ RunTime:0.007757s ]
INFO: Run Common\Behavior\UrldecodeGetBehavior [ RunTime:0.003424s ]
INFO: [ app_begin ] --END-- [ RunTime:0.015624s ]
INFO: [ admin_begin ] --START--
INFO: Run Common\Behavior\AdminDefaultLangBehavior [ RunTime:0.010065s ]
INFO: [ admin_begin ] --END-- [ RunTime:0.010119s ]
SQL: SHOW COLUMNS FROM `xly_company` [ RunTime:0.0187s ]
SQL: SELECT * FROM `xly_company` WHERE `user_login` = 'admin1234' LIMIT 1   [ RunTime:0.0004s ]
SQL: UPDATE `xly_company` SET `company_name`='测试',`user_login`='admin1234',`user_pass`='###3440ea56fe55470c5b910b32f2391180',`isdel`='0',`create_time`='1535004864',`user_status`='1',`last_login_ip`='118.112.88.128',`last_login_time`='2018-08-27 14:25:49' WHERE `id` = 19 [ RunTime:0.0017s ]

[ 2018-08-27T17:15:49+08:00 ] 113.251.17.144 /company/index.php?g=&m=public&a=dologin
INFO: [ app_begin ] --START--
INFO: Run Behavior\ReadHtmlCacheBehavior [ RunTime:0.003285s ]
INFO: Run Behavior\CheckLangBehavior [ RunTime:0.007832s ]
INFO: Run Common\Behavior\UrldecodeGetBehavior [ RunTime:0.003454s ]
INFO: [ app_begin ] --END-- [ RunTime:0.016008s ]
INFO: [ admin_begin ] --START--
INFO: Run Common\Behavior\AdminDefaultLangBehavior [ RunTime:0.010053s ]
INFO: [ admin_begin ] --END-- [ RunTime:0.010106s ]

[ 2018-08-27T17:15:56+08:00 ] 113.251.17.144 /company/index.php?g=&m=public&a=dologin
INFO: [ app_begin ] --START--
INFO: Run Behavior\ReadHtmlCacheBehavior [ RunTime:0.003979s ]
INFO: Run Behavior\CheckLangBehavior [ RunTime:0.008267s ]
INFO: Run Common\Behavior\UrldecodeGetBehavior [ RunTime:0.003689s ]
INFO: [ app_begin ] --END-- [ RunTime:0.017174s ]
INFO: [ admin_begin ] --START--
INFO: Run Common\Behavior\AdminDefaultLangBehavior [ RunTime:0.010107s ]
INFO: [ admin_begin ] --END-- [ RunTime:0.010175s ]
SQL: SHOW COLUMNS FROM `xly_company` [ RunTime:0.0657s ]
SQL: SELECT * FROM `xly_company` WHERE `user_login` = 'ksdlcjzx' LIMIT 1   [ RunTime:0.0004s ]
SQL: UPDATE `xly_company` SET `company_name`='喀什市教育局',`user_login`='ksdlcjzx',`user_pass`='###3440ea56fe55470c5b910b32f2391180',`isdel`='0',`create_time`='1534821351',`user_status`='1',`last_login_ip`='113.251.17.144',`last_login_time`='2018-08-27 17:15:56' WHERE `id` = 18 [ RunTime:0.0021s ]

[ 2018-08-27T17:24:48+08:00 ] 113.251.17.144 /company/index.php?g=&m=public&a=dologin
INFO: [ app_begin ] --START--
INFO: Run Behavior\ReadHtmlCacheBehavior [ RunTime:0.003288s ]
INFO: Run Behavior\CheckLangBehavior [ RunTime:0.007818s ]
INFO: Run Common\Behavior\UrldecodeGetBehavior [ RunTime:0.003446s ]
INFO: [ app_begin ] --END-- [ RunTime:0.015783s ]
INFO: [ admin_begin ] --START--
INFO: Run Common\Behavior\AdminDefaultLangBehavior [ RunTime:0.010084s ]
INFO: [ admin_begin ] --END-- [ RunTime:0.010140s ]
SQL: SHOW COLUMNS FROM `xly_company` [ RunTime:0.0156s ]
SQL: SELECT * FROM `xly_company` WHERE `user_login` = 'ksdlcjzx' LIMIT 1   [ RunTime:0.0004s ]
SQL: UPDATE `xly_company` SET `company_name`='喀什市教育局',`user_login`='ksdlcjzx',`user_pass`='###3440ea56fe55470c5b910b32f2391180',`isdel`='0',`create_time`='1534821351',`user_status`='1',`last_login_ip`='113.251.17.144',`last_login_time`='2018-08-27 17:24:48' WHERE `id` = 18 [ RunTime:0.0018s ]

[ 2018-08-27T18:05:38+08:00 ] 113.251.17.144 /company/index.php?g=&m=public&a=dologin
INFO: [ app_begin ] --START--
INFO: Run Behavior\ReadHtmlCacheBehavior [ RunTime:0.003448s ]
INFO: Run Behavior\CheckLangBehavior [ RunTime:0.007868s ]
INFO: Run Common\Behavior\UrldecodeGetBehavior [ RunTime:0.003500s ]
INFO: [ app_begin ] --END-- [ RunTime:0.016052s ]
INFO: [ admin_begin ] --START--
INFO: Run Common\Behavior\AdminDefaultLangBehavior [ RunTime:0.010239s ]
INFO: [ admin_begin ] --END-- [ RunTime:0.010293s ]
SQL: SHOW COLUMNS FROM `xly_company` [ RunTime:0.0153s ]
SQL: SELECT * FROM `xly_company` WHERE `user_login` = 'admin1234' LIMIT 1   [ RunTime:0.0004s ]
SQL: UPDATE `xly_company` SET `company_name`='测试',`user_login`='admin1234',`user_pass`='###3440ea56fe55470c5b910b32f2391180',`isdel`='0',`create_time`='1535004864',`user_status`='1',`last_login_ip`='113.251.17.144',`last_login_time`='2018-08-27 18:05:38' WHERE `id` = 19 [ RunTime:0.0020s ]

[ 2018-08-27T18:08:37+08:00 ] 113.251.17.144 /company/index.php?g=Admin&m=Caseplan&a=save_communication
INFO: [ app_begin ] --START--
INFO: Run Behavior\ReadHtmlCacheBehavior [ RunTime:0.003338s ]
INFO: Run Behavior\CheckLangBehavior [ RunTime:0.007902s ]
INFO: Run Common\Behavior\UrldecodeGetBehavior [ RunTime:0.003533s ]
INFO: [ app_begin ] --END-- [ RunTime:0.016038s ]
INFO: [ admin_begin ] --START--
INFO: Run Common\Behavior\AdminDefaultLangBehavior [ RunTime:0.010283s ]
INFO: [ admin_begin ] --END-- [ RunTime:0.010339s ]
SQL: SHOW COLUMNS FROM `xly_company` [ RunTime:0.0155s ]
SQL: SELECT * FROM `xly_company` WHERE `id` = 18 LIMIT 1   [ RunTime:0.0004s ]
SQL: SHOW COLUMNS FROM `xly_project` [ RunTime:0.0099s ]
SQL: SHOW COLUMNS FROM `xly_company` [ RunTime:0.0063s ]
SQL: SHOW COLUMNS FROM `xly_solutions` [ RunTime:0.0109s ]
SQL: SHOW COLUMNS FROM `xly_upload_projectinfo` [ RunTime:0.0104s ]
SQL: SHOW COLUMNS FROM `xly_users` [ RunTime:0.0103s ]
SQL: SHOW COLUMNS FROM `xly_uploadgg_data` [ RunTime:0.0110s ]
SQL: SHOW COLUMNS FROM `xly_upload_data` [ RunTime:0.0105s ]
SQL: INSERT INTO `xly_uploadgg_data` (`urldata`,`filename`,`project_id`,`type`,`atype`,`adminid`,`createtime`,`status2`) VALUES ('./company/data/upload/admin/20180827/5b83cda26f073.docx','p(2).docx','44','3','1','18','1535364516','1') [ RunTime:0.0036s ]

