[ 2018-08-22T09:35:04+08:00 ] 222.211.252.39 /company/index.php?g=&m=public&a=dologin
INFO: [ app_begin ] --START--
INFO: Run Behavior\ReadHtmlCacheBehavior [ RunTime:0.003580s ]
INFO: Run Behavior\CheckLangBehavior [ RunTime:0.007990s ]
INFO: Run Common\Behavior\UrldecodeGetBehavior [ RunTime:0.003463s ]
INFO: [ app_begin ] --END-- [ RunTime:0.016273s ]
INFO: [ admin_begin ] --START--
INFO: Run Common\Behavior\AdminDefaultLangBehavior [ RunTime:0.010286s ]
INFO: [ admin_begin ] --END-- [ RunTime:0.010348s ]
SQL: SHOW COLUMNS FROM `xly_company` [ RunTime:0.0182s ]
SQL: SELECT * FROM `xly_company` WHERE `user_login` = 'ksdlcjzx' LIMIT 1   [ RunTime:0.0005s ]
SQL: UPDATE `xly_company` SET `company_name`='喀什第六初级中学',`user_login`='ksdlcjzx',`user_pass`='###3440ea56fe55470c5b910b32f2391180',`isdel`='0',`create_time`='1534821351',`user_status`='1',`last_login_ip`='222.211.252.39',`last_login_time`='2018-08-22 09:35:04' WHERE `id` = 18 [ RunTime:0.0016s ]

[ 2018-08-22T10:17:57+08:00 ] 222.211.252.39 /company/index.php?g=Admin&m=Stage&a=uploadmessage
INFO: [ app_begin ] --START--
INFO: Run Behavior\ReadHtmlCacheBehavior [ RunTime:0.003308s ]
INFO: Run Behavior\CheckLangBehavior [ RunTime:0.007845s ]
INFO: Run Common\Behavior\UrldecodeGetBehavior [ RunTime:0.003465s ]
INFO: [ app_begin ] --END-- [ RunTime:0.015846s ]
INFO: [ admin_begin ] --START--
INFO: Run Common\Behavior\AdminDefaultLangBehavior [ RunTime:0.010195s ]
INFO: [ admin_begin ] --END-- [ RunTime:0.010262s ]
SQL: SHOW COLUMNS FROM `xly_company` [ RunTime:0.0119s ]
SQL: SELECT * FROM `xly_company` WHERE `id` = 18 LIMIT 1   [ RunTime:0.0003s ]
SQL: SHOW COLUMNS FROM `xly_uploadgg_data` [ RunTime:0.0098s ]
SQL: INSERT INTO `xly_uploadgg_data` (`urldata`,`filename`,`project_id`,`type`,`adminid`,`atype`,`status2`,`createtime`) VALUES ('./company/data/upload/admin/20180822/5b7cc7d2891db.jpg','0007.jpg','33','4','18','1','1','1534904277') [ RunTime:0.0045s ]
SQL: SHOW COLUMNS FROM `xly_users` [ RunTime:0.0130s ]
SQL: SELECT `user_name` FROM `xly_users` WHERE ( id='18' ) LIMIT 1   [ RunTime:0.0003s ]

[ 2018-08-22T10:19:21+08:00 ] 222.211.252.39 /company/index.php?g=Admin&m=Casescheme&a=getfenggemesage
INFO: [ app_begin ] --START--
INFO: Run Behavior\ReadHtmlCacheBehavior [ RunTime:0.003305s ]
INFO: Run Behavior\CheckLangBehavior [ RunTime:0.007933s ]
INFO: Run Common\Behavior\UrldecodeGetBehavior [ RunTime:0.003440s ]
INFO: [ app_begin ] --END-- [ RunTime:0.015885s ]
INFO: [ admin_begin ] --START--
INFO: Run Common\Behavior\AdminDefaultLangBehavior [ RunTime:0.010129s ]
INFO: [ admin_begin ] --END-- [ RunTime:0.010184s ]
SQL: SHOW COLUMNS FROM `xly_company` [ RunTime:0.0111s ]
SQL: SELECT * FROM `xly_company` WHERE `id` = 18 LIMIT 1   [ RunTime:0.0004s ]
SQL: SHOW COLUMNS FROM `xly_upload_projectinfo` [ RunTime:0.0095s ]
SQL: SELECT * FROM `xly_upload_projectinfo` WHERE `id` = 23 LIMIT 1   [ RunTime:0.0003s ]

[ 2018-08-22T10:19:31+08:00 ] 222.211.252.39 /company/index.php?g=Admin&m=Casescheme&a=getfenggemesage
INFO: [ app_begin ] --START--
INFO: Run Behavior\ReadHtmlCacheBehavior [ RunTime:0.003358s ]
INFO: Run Behavior\CheckLangBehavior [ RunTime:0.007904s ]
INFO: Run Common\Behavior\UrldecodeGetBehavior [ RunTime:0.003437s ]
INFO: [ app_begin ] --END-- [ RunTime:0.015953s ]
INFO: [ admin_begin ] --START--
INFO: Run Common\Behavior\AdminDefaultLangBehavior [ RunTime:0.010273s ]
INFO: [ admin_begin ] --END-- [ RunTime:0.010338s ]
SQL: SHOW COLUMNS FROM `xly_company` [ RunTime:0.0161s ]
SQL: SELECT * FROM `xly_company` WHERE `id` = 18 LIMIT 1   [ RunTime:0.0004s ]
SQL: SHOW COLUMNS FROM `xly_upload_projectinfo` [ RunTime:0.0103s ]
SQL: SELECT * FROM `xly_upload_projectinfo` WHERE `id` = 23 LIMIT 1   [ RunTime:0.0003s ]

[ 2018-08-22T10:40:49+08:00 ] 222.211.252.39 /company/index.php?g=Admin&m=Stage&a=getpmmessage
INFO: [ app_begin ] --START--
INFO: Run Behavior\ReadHtmlCacheBehavior [ RunTime:0.003326s ]
INFO: Run Behavior\CheckLangBehavior [ RunTime:0.007994s ]
INFO: Run Common\Behavior\UrldecodeGetBehavior [ RunTime:0.003880s ]
INFO: [ app_begin ] --END-- [ RunTime:0.016473s ]
INFO: [ admin_begin ] --START--
INFO: Run Common\Behavior\AdminDefaultLangBehavior [ RunTime:0.010693s ]
INFO: [ admin_begin ] --END-- [ RunTime:0.010795s ]
SQL: SHOW COLUMNS FROM `xly_company` [ RunTime:0.0162s ]
SQL: SELECT * FROM `xly_company` WHERE `id` = 18 LIMIT 1   [ RunTime:0.0005s ]
SQL: SHOW COLUMNS FROM `xly_uploadpic_data` [ RunTime:0.0125s ]
SQL: SELECT * FROM `xly_uploadpic_data` WHERE `id` = 34 LIMIT 1   [ RunTime:0.0004s ]

[ 2018-08-22T17:47:25+08:00 ] 118.122.96.167 /company/index.php?g=&m=public&a=dologin
INFO: [ app_begin ] --START--
INFO: Run Behavior\ReadHtmlCacheBehavior [ RunTime:0.003277s ]
INFO: Run Behavior\CheckLangBehavior [ RunTime:0.007863s ]
INFO: Run Common\Behavior\UrldecodeGetBehavior [ RunTime:0.003470s ]
INFO: [ app_begin ] --END-- [ RunTime:0.015841s ]
INFO: [ admin_begin ] --START--
INFO: Run Common\Behavior\AdminDefaultLangBehavior [ RunTime:0.010146s ]
INFO: [ admin_begin ] --END-- [ RunTime:0.010204s ]
SQL: SHOW COLUMNS FROM `xly_company` [ RunTime:0.0201s ]
SQL: SELECT * FROM `xly_company` WHERE `user_login` = 'ksdlcjzx' LIMIT 1   [ RunTime:0.0005s ]

[ 2018-08-22T18:23:08+08:00 ] 118.122.96.137 /company/index.php?g=&m=public&a=dologin
INFO: [ app_begin ] --START--
INFO: Run Behavior\ReadHtmlCacheBehavior [ RunTime:0.003315s ]
INFO: Run Behavior\CheckLangBehavior [ RunTime:0.007911s ]
INFO: Run Common\Behavior\UrldecodeGetBehavior [ RunTime:0.003447s ]
INFO: [ app_begin ] --END-- [ RunTime:0.015945s ]
INFO: [ admin_begin ] --START--
INFO: Run Common\Behavior\AdminDefaultLangBehavior [ RunTime:0.012375s ]
INFO: [ admin_begin ] --END-- [ RunTime:0.012458s ]

[ 2018-08-22T18:23:19+08:00 ] 118.122.96.137 /company/index.php?g=&m=public&a=dologin
INFO: [ app_begin ] --START--
INFO: Run Behavior\ReadHtmlCacheBehavior [ RunTime:0.003365s ]
INFO: Run Behavior\CheckLangBehavior [ RunTime:0.007835s ]
INFO: Run Common\Behavior\UrldecodeGetBehavior [ RunTime:0.003502s ]
INFO: [ app_begin ] --END-- [ RunTime:0.015966s ]
INFO: [ admin_begin ] --START--
INFO: Run Common\Behavior\AdminDefaultLangBehavior [ RunTime:0.010072s ]
INFO: [ admin_begin ] --END-- [ RunTime:0.010138s ]
SQL: SHOW COLUMNS FROM `xly_company` [ RunTime:0.0169s ]
SQL: SELECT * FROM `xly_company` WHERE `user_login` = 'ksdlcjzx' LIMIT 1   [ RunTime:0.0005s ]

[ 2018-08-22T18:23:29+08:00 ] 118.122.96.137 /company/index.php?g=&m=public&a=dologin
INFO: [ app_begin ] --START--
INFO: Run Behavior\ReadHtmlCacheBehavior [ RunTime:0.003910s ]
INFO: Run Behavior\CheckLangBehavior [ RunTime:0.008597s ]
INFO: Run Common\Behavior\UrldecodeGetBehavior [ RunTime:0.003682s ]
INFO: [ app_begin ] --END-- [ RunTime:0.017504s ]
INFO: [ admin_begin ] --START--
INFO: Run Common\Behavior\AdminDefaultLangBehavior [ RunTime:0.010863s ]
INFO: [ admin_begin ] --END-- [ RunTime:0.010943s ]
SQL: SHOW COLUMNS FROM `xly_company` [ RunTime:0.0154s ]
SQL: SELECT * FROM `xly_company` WHERE `user_login` = 'ksdlcjzx' LIMIT 1   [ RunTime:0.0005s ]
SQL: UPDATE `xly_company` SET `company_name`='喀什市教育局',`user_login`='ksdlcjzx',`user_pass`='###3440ea56fe55470c5b910b32f2391180',`isdel`='0',`create_time`='1534821351',`user_status`='1',`last_login_ip`='118.122.96.137',`last_login_time`='2018-08-22 18:23:29' WHERE `id` = 18 [ RunTime:0.0031s ]

[ 2018-08-22T18:46:25+08:00 ] 118.122.96.137 /company/index.php?g=Admin&m=Member&a=add_post
INFO: [ app_begin ] --START--
INFO: Run Behavior\ReadHtmlCacheBehavior [ RunTime:0.003416s ]
INFO: Run Behavior\CheckLangBehavior [ RunTime:0.008219s ]
INFO: Run Common\Behavior\UrldecodeGetBehavior [ RunTime:0.003919s ]
INFO: [ app_begin ] --END-- [ RunTime:0.016781s ]
INFO: [ admin_begin ] --START--
INFO: Run Common\Behavior\AdminDefaultLangBehavior [ RunTime:0.010781s ]
INFO: [ admin_begin ] --END-- [ RunTime:0.010901s ]
SQL: SHOW COLUMNS FROM `xly_company` [ RunTime:0.0163s ]
SQL: SELECT * FROM `xly_company` WHERE `id` = 18 LIMIT 1   [ RunTime:0.0004s ]
SQL: SHOW COLUMNS FROM `xly_commonusers` [ RunTime:0.0134s ]
SQL: SELECT COUNT(*) AS tp_count FROM `xly_commonusers` WHERE ( mobile='19950252577' ) LIMIT 1   [ RunTime:0.0010s ]
SQL: SHOW COLUMNS FROM `xly_account` [ RunTime:0.0099s ]
SQL: INSERT INTO `xly_account` (`mobile`,`user_name`,`user_duty`,`password`,`create_time`,`company_id`) VALUES ('19950252577','张三','项目经理','###3440ea56fe55470c5b910b32f2391180','1534934785','18') [ RunTime:0.0027s ]
NOTIC: [8] Undefined index: url E:\phpStudy\WWW\situojianzhu\company\application\Common\Controller\AppframeController.class.php 第 22 行.

[ 2018-08-22T18:49:10+08:00 ] 118.122.96.137 /company/index.php?g=Admin&m=Member&a=add_post
INFO: [ app_begin ] --START--
INFO: Run Behavior\ReadHtmlCacheBehavior [ RunTime:0.003463s ]
INFO: Run Behavior\CheckLangBehavior [ RunTime:0.008421s ]
INFO: Run Common\Behavior\UrldecodeGetBehavior [ RunTime:0.003817s ]
INFO: [ app_begin ] --END-- [ RunTime:0.017081s ]
INFO: [ admin_begin ] --START--
INFO: Run Common\Behavior\AdminDefaultLangBehavior [ RunTime:0.010729s ]
INFO: [ admin_begin ] --END-- [ RunTime:0.010793s ]
SQL: SHOW COLUMNS FROM `xly_company` [ RunTime:0.0155s ]
SQL: SELECT * FROM `xly_company` WHERE `id` = 18 LIMIT 1   [ RunTime:0.0004s ]
SQL: SHOW COLUMNS FROM `xly_commonusers` [ RunTime:0.0108s ]
SQL: SELECT COUNT(*) AS tp_count FROM `xly_commonusers` WHERE ( mobile='18244281746' ) LIMIT 1   [ RunTime:0.0010s ]
SQL: SHOW COLUMNS FROM `xly_account` [ RunTime:0.0102s ]
SQL: INSERT INTO `xly_account` (`mobile`,`user_name`,`user_duty`,`password`,`create_time`,`company_id`) VALUES ('18244281746','曾哲','经理','###3440ea56fe55470c5b910b32f2391180','1534934950','18') [ RunTime:0.0022s ]
NOTIC: [8] Undefined index: url E:\phpStudy\WWW\situojianzhu\company\application\Common\Controller\AppframeController.class.php 第 22 行.

[ 2018-08-22T18:50:04+08:00 ] 118.122.96.137 /company/index.php?g=Admin&m=Member&a=edit_post
INFO: [ app_begin ] --START--
INFO: Run Behavior\ReadHtmlCacheBehavior [ RunTime:0.003290s ]
INFO: Run Behavior\CheckLangBehavior [ RunTime:0.007809s ]
INFO: Run Common\Behavior\UrldecodeGetBehavior [ RunTime:0.003423s ]
INFO: [ app_begin ] --END-- [ RunTime:0.015798s ]
INFO: [ admin_begin ] --START--
INFO: Run Common\Behavior\AdminDefaultLangBehavior [ RunTime:0.010142s ]
INFO: [ admin_begin ] --END-- [ RunTime:0.010206s ]
SQL: SHOW COLUMNS FROM `xly_company` [ RunTime:0.0157s ]
SQL: SELECT * FROM `xly_company` WHERE `id` = 18 LIMIT 1   [ RunTime:0.0004s ]
SQL: SHOW COLUMNS FROM `xly_account` [ RunTime:0.0103s ]
SQL: SELECT COUNT(*) AS tp_count FROM `xly_account` WHERE ( mobile='18244281846' ) LIMIT 1   [ RunTime:0.0003s ]
SQL: UPDATE `xly_account` SET `mobile`='18244281846',`user_name`='曾哲',`user_duty`='经理',`id`='31' WHERE ( id='31' ) [ RunTime:0.0018s ]
SQL: SELECT * FROM `xly_account` WHERE `id` = 31 LIMIT 1   [ RunTime:0.0003s ]
NOTIC: [8] Undefined index: url E:\phpStudy\WWW\situojianzhu\company\application\Common\Controller\AppframeController.class.php 第 22 行.

[ 2018-08-22T19:15:45+08:00 ] 118.122.96.137 /company/index.php?g=&m=Member&a=delete
INFO: [ app_begin ] --START--
INFO: Run Behavior\ReadHtmlCacheBehavior [ RunTime:0.003252s ]
INFO: Run Behavior\CheckLangBehavior [ RunTime:0.007797s ]
INFO: Run Common\Behavior\UrldecodeGetBehavior [ RunTime:0.003401s ]
INFO: [ app_begin ] --END-- [ RunTime:0.015649s ]
INFO: [ admin_begin ] --START--
INFO: Run Common\Behavior\AdminDefaultLangBehavior [ RunTime:0.010083s ]
INFO: [ admin_begin ] --END-- [ RunTime:0.010142s ]
SQL: SHOW COLUMNS FROM `xly_company` [ RunTime:0.0164s ]
SQL: SELECT * FROM `xly_company` WHERE `id` = 18 LIMIT 1   [ RunTime:0.0004s ]
SQL: SHOW COLUMNS FROM `xly_account` [ RunTime:0.0126s ]
SQL: UPDATE `xly_account` SET `status`='2' WHERE `id` = 31 [ RunTime:0.0023s ]
NOTIC: [8] Undefined index: url E:\phpStudy\WWW\situojianzhu\company\application\Common\Controller\AppframeController.class.php 第 22 行.

