[ 2018-08-28T11:03:42+08:00 ] 218.89.237.53 /company/index.php?g=&m=public&a=dologin
INFO: [ app_begin ] --START--
INFO: Run Behavior\ReadHtmlCacheBehavior [ RunTime:0.003576s ]
INFO: Run Behavior\CheckLangBehavior [ RunTime:0.008436s ]
INFO: Run Common\Behavior\UrldecodeGetBehavior [ RunTime:0.003760s ]
INFO: [ app_begin ] --END-- [ RunTime:0.017134s ]
INFO: [ admin_begin ] --START--
INFO: Run Common\Behavior\AdminDefaultLangBehavior [ RunTime:0.010767s ]
INFO: [ admin_begin ] --END-- [ RunTime:0.010848s ]

[ 2018-08-28T11:03:49+08:00 ] 218.89.237.53 /company/index.php?g=&m=public&a=dologin
INFO: [ app_begin ] --START--
INFO: Run Behavior\ReadHtmlCacheBehavior [ RunTime:0.003288s ]
INFO: Run Behavior\CheckLangBehavior [ RunTime:0.007858s ]
INFO: Run Common\Behavior\UrldecodeGetBehavior [ RunTime:0.003418s ]
INFO: [ app_begin ] --END-- [ RunTime:0.015762s ]
INFO: [ admin_begin ] --START--
INFO: Run Common\Behavior\AdminDefaultLangBehavior [ RunTime:0.010135s ]
INFO: [ admin_begin ] --END-- [ RunTime:0.010199s ]
SQL: SHOW COLUMNS FROM `xly_company` [ RunTime:0.0219s ]
SQL: SELECT * FROM `xly_company` WHERE `user_login` = 'admin1234' LIMIT 1   [ RunTime:0.0004s ]
SQL: UPDATE `xly_company` SET `company_name`='测试',`user_login`='admin1234',`user_pass`='###3440ea56fe55470c5b910b32f2391180',`isdel`='0',`create_time`='1535004864',`user_status`='1',`last_login_ip`='218.89.237.53',`last_login_time`='2018-08-28 11:03:49' WHERE `id` = 19 [ RunTime:0.0021s ]

[ 2018-08-28T11:16:00+08:00 ] 218.89.237.53 /company/index.php?g=&m=public&a=dologin
INFO: [ app_begin ] --START--
INFO: Run Behavior\ReadHtmlCacheBehavior [ RunTime:0.003367s ]
INFO: Run Behavior\CheckLangBehavior [ RunTime:0.007921s ]
INFO: Run Common\Behavior\UrldecodeGetBehavior [ RunTime:0.003469s ]
INFO: [ app_begin ] --END-- [ RunTime:0.016000s ]
INFO: [ admin_begin ] --START--
INFO: Run Common\Behavior\AdminDefaultLangBehavior [ RunTime:0.010376s ]
INFO: [ admin_begin ] --END-- [ RunTime:0.010439s ]

[ 2018-08-28T11:16:11+08:00 ] 218.89.237.53 /company/index.php?g=&m=public&a=dologin
INFO: [ app_begin ] --START--
INFO: Run Behavior\ReadHtmlCacheBehavior [ RunTime:0.003318s ]
INFO: Run Behavior\CheckLangBehavior [ RunTime:0.007866s ]
INFO: Run Common\Behavior\UrldecodeGetBehavior [ RunTime:0.003447s ]
INFO: [ app_begin ] --END-- [ RunTime:0.015940s ]
INFO: [ admin_begin ] --START--
INFO: Run Common\Behavior\AdminDefaultLangBehavior [ RunTime:0.010105s ]
INFO: [ admin_begin ] --END-- [ RunTime:0.010181s ]
SQL: SHOW COLUMNS FROM `xly_company` [ RunTime:0.0176s ]
SQL: SELECT * FROM `xly_company` WHERE `user_login` = 'admin1234' LIMIT 1   [ RunTime:0.0004s ]
SQL: UPDATE `xly_company` SET `company_name`='测试',`user_login`='admin1234',`user_pass`='###3440ea56fe55470c5b910b32f2391180',`isdel`='0',`create_time`='1535004864',`user_status`='1',`last_login_ip`='218.89.237.53',`last_login_time`='2018-08-28 11:16:11' WHERE `id` = 19 [ RunTime:0.0065s ]

[ 2018-08-28T13:43:39+08:00 ] 118.112.88.128 /company/index.php?g=Admin&m=Caseplan&a=save_communication
INFO: [ app_begin ] --START--
INFO: Run Behavior\ReadHtmlCacheBehavior [ RunTime:0.003581s ]
INFO: Run Behavior\CheckLangBehavior [ RunTime:0.008452s ]
INFO: Run Common\Behavior\UrldecodeGetBehavior [ RunTime:0.003574s ]
INFO: [ app_begin ] --END-- [ RunTime:0.016903s ]
INFO: [ admin_begin ] --START--
INFO: Run Common\Behavior\AdminDefaultLangBehavior [ RunTime:0.010849s ]
INFO: [ admin_begin ] --END-- [ RunTime:0.010923s ]
SQL: SHOW COLUMNS FROM `xly_company` [ RunTime:0.0159s ]
SQL: SELECT * FROM `xly_company` WHERE `id` = 19 LIMIT 1   [ RunTime:0.0004s ]
SQL: SHOW COLUMNS FROM `xly_project` [ RunTime:0.0112s ]
SQL: SHOW COLUMNS FROM `xly_company` [ RunTime:0.0066s ]
SQL: SHOW COLUMNS FROM `xly_solutions` [ RunTime:0.0100s ]
SQL: SHOW COLUMNS FROM `xly_upload_projectinfo` [ RunTime:0.0122s ]
SQL: SHOW COLUMNS FROM `xly_users` [ RunTime:0.0130s ]
SQL: SHOW COLUMNS FROM `xly_uploadgg_data` [ RunTime:0.0102s ]
SQL: SHOW COLUMNS FROM `xly_upload_data` [ RunTime:0.0097s ]
SQL: INSERT INTO `xly_uploadgg_data` (`urldata`,`filename`,`project_id`,`type`,`atype`,`adminid`,`createtime`,`status2`) VALUES ('./company/data/upload/admin/20180828/5b84e109da88f.jpg','老司机.jpg','47','3','1','19','1535435019','1') [ RunTime:0.0033s ]

[ 2018-08-28T14:30:29+08:00 ] 113.251.17.144 /company/index.php?g=&m=public&a=dologin
INFO: [ app_begin ] --START--
INFO: Run Behavior\ReadHtmlCacheBehavior [ RunTime:0.003304s ]
INFO: Run Behavior\CheckLangBehavior [ RunTime:0.007838s ]
INFO: Run Common\Behavior\UrldecodeGetBehavior [ RunTime:0.003481s ]
INFO: [ app_begin ] --END-- [ RunTime:0.015872s ]
INFO: [ admin_begin ] --START--
INFO: Run Common\Behavior\AdminDefaultLangBehavior [ RunTime:0.010109s ]
INFO: [ admin_begin ] --END-- [ RunTime:0.010169s ]
SQL: SHOW COLUMNS FROM `xly_company` [ RunTime:0.0198s ]
SQL: SELECT * FROM `xly_company` WHERE `user_login` = 'ksdlcjzx' LIMIT 1   [ RunTime:0.0004s ]
SQL: UPDATE `xly_company` SET `company_name`='喀什市教育局',`user_login`='ksdlcjzx',`user_pass`='###3440ea56fe55470c5b910b32f2391180',`isdel`='0',`create_time`='1534821351',`user_status`='1',`last_login_ip`='113.251.17.144',`last_login_time`='2018-08-28 14:30:29' WHERE `id` = 18 [ RunTime:0.0024s ]

[ 2018-08-28T14:39:56+08:00 ] 113.251.17.144 /company/index.php?g=Admin&m=Stage&a=getggmesage
INFO: [ app_begin ] --START--
INFO: Run Behavior\ReadHtmlCacheBehavior [ RunTime:0.003623s ]
INFO: Run Behavior\CheckLangBehavior [ RunTime:0.008146s ]
INFO: Run Common\Behavior\UrldecodeGetBehavior [ RunTime:0.003493s ]
INFO: [ app_begin ] --END-- [ RunTime:0.016535s ]
INFO: [ admin_begin ] --START--
INFO: Run Common\Behavior\AdminDefaultLangBehavior [ RunTime:0.010476s ]
INFO: [ admin_begin ] --END-- [ RunTime:0.010573s ]
SQL: SHOW COLUMNS FROM `xly_company` [ RunTime:0.0155s ]
SQL: SELECT * FROM `xly_company` WHERE `id` = 18 LIMIT 1   [ RunTime:0.0004s ]
SQL: SHOW COLUMNS FROM `xly_uploadgg_data` [ RunTime:0.0117s ]
SQL: SELECT * FROM `xly_uploadgg_data` WHERE `id` = 133 LIMIT 1   [ RunTime:0.0004s ]

[ 2018-08-28T14:40:16+08:00 ] 113.251.17.144 /company/index.php?g=Admin&m=Stage&a=getggmesage
INFO: [ app_begin ] --START--
INFO: Run Behavior\ReadHtmlCacheBehavior [ RunTime:0.003316s ]
INFO: Run Behavior\CheckLangBehavior [ RunTime:0.007799s ]
INFO: Run Common\Behavior\UrldecodeGetBehavior [ RunTime:0.003425s ]
INFO: [ app_begin ] --END-- [ RunTime:0.015783s ]
INFO: [ admin_begin ] --START--
INFO: Run Common\Behavior\AdminDefaultLangBehavior [ RunTime:0.010154s ]
INFO: [ admin_begin ] --END-- [ RunTime:0.010241s ]
SQL: SHOW COLUMNS FROM `xly_company` [ RunTime:0.0161s ]
SQL: SELECT * FROM `xly_company` WHERE `id` = 18 LIMIT 1   [ RunTime:0.0005s ]
SQL: SHOW COLUMNS FROM `xly_uploadgg_data` [ RunTime:0.0096s ]
SQL: SELECT * FROM `xly_uploadgg_data` WHERE `id` = 132 LIMIT 1   [ RunTime:0.0003s ]

[ 2018-08-28T14:53:40+08:00 ] 218.89.237.53 /company/index.php?g=Admin&m=Caseplan&a=save_communication
INFO: [ app_begin ] --START--
INFO: Run Behavior\ReadHtmlCacheBehavior [ RunTime:0.003527s ]
INFO: Run Behavior\CheckLangBehavior [ RunTime:0.008258s ]
INFO: Run Common\Behavior\UrldecodeGetBehavior [ RunTime:0.003586s ]
INFO: [ app_begin ] --END-- [ RunTime:0.016606s ]
INFO: [ admin_begin ] --START--
INFO: Run Common\Behavior\AdminDefaultLangBehavior [ RunTime:0.010517s ]
INFO: [ admin_begin ] --END-- [ RunTime:0.010570s ]
SQL: SHOW COLUMNS FROM `xly_company` [ RunTime:0.0136s ]
SQL: SELECT * FROM `xly_company` WHERE `id` = 19 LIMIT 1   [ RunTime:0.0004s ]
SQL: SHOW COLUMNS FROM `xly_project` [ RunTime:0.0090s ]
SQL: SHOW COLUMNS FROM `xly_company` [ RunTime:0.0061s ]
SQL: SHOW COLUMNS FROM `xly_solutions` [ RunTime:0.0087s ]
SQL: SHOW COLUMNS FROM `xly_upload_projectinfo` [ RunTime:0.0088s ]
SQL: SHOW COLUMNS FROM `xly_users` [ RunTime:0.0090s ]
SQL: SHOW COLUMNS FROM `xly_uploadgg_data` [ RunTime:0.0093s ]
SQL: SHOW COLUMNS FROM `xly_upload_data` [ RunTime:0.0092s ]
SQL: INSERT INTO `xly_uploadgg_data` (`urldata`,`filename`,`project_id`,`type`,`atype`,`adminid`,`createtime`,`status2`) VALUES ('./company/data/upload/admin/20180828/5b84f1724663e.docx','壳米微信验收报告1.0.docx','47','3','1','19','1535439220','1') [ RunTime:0.0034s ]

[ 2018-08-28T15:03:03+08:00 ] 218.89.237.53 /company/index.php?g=&m=public&a=dologin
INFO: [ app_begin ] --START--
INFO: Run Behavior\ReadHtmlCacheBehavior [ RunTime:0.004671s ]
INFO: Run Behavior\CheckLangBehavior [ RunTime:0.008754s ]
INFO: Run Common\Behavior\UrldecodeGetBehavior [ RunTime:0.003637s ]
INFO: [ app_begin ] --END-- [ RunTime:0.018702s ]
INFO: [ admin_begin ] --START--
INFO: Run Common\Behavior\AdminDefaultLangBehavior [ RunTime:0.010665s ]
INFO: [ admin_begin ] --END-- [ RunTime:0.010719s ]
SQL: SHOW COLUMNS FROM `xly_company` [ RunTime:0.0165s ]
SQL: SELECT * FROM `xly_company` WHERE `user_login` = 'admin1234' LIMIT 1   [ RunTime:0.0005s ]
SQL: UPDATE `xly_company` SET `company_name`='测试',`user_login`='admin1234',`user_pass`='###3440ea56fe55470c5b910b32f2391180',`isdel`='0',`create_time`='1535004864',`user_status`='1',`last_login_ip`='218.89.237.53',`last_login_time`='2018-08-28 15:03:03' WHERE `id` = 19 [ RunTime:0.0018s ]

