[ 2018-08-17T15:39:35+08:00 ] 222.211.255.240 /company/index.php?g=&m=public&a=dologin
INFO: [ app_begin ] --START--
INFO: Run Behavior\ReadHtmlCacheBehavior [ RunTime:0.003263s ]
INFO: Run Behavior\CheckLangBehavior [ RunTime:0.007845s ]
INFO: Run Common\Behavior\UrldecodeGetBehavior [ RunTime:0.003396s ]
INFO: [ app_begin ] --END-- [ RunTime:0.015703s ]
INFO: [ admin_begin ] --START--
INFO: Run Common\Behavior\AdminDefaultLangBehavior [ RunTime:0.010003s ]
INFO: [ admin_begin ] --END-- [ RunTime:0.010064s ]
SQL: SHOW COLUMNS FROM `xly_company` [ RunTime:0.0182s ]
SQL: SELECT * FROM `xly_company` WHERE `user_login` = 'admin' LIMIT 1   [ RunTime:0.0004s ]

[ 2018-08-17T15:39:41+08:00 ] 222.211.255.240 /company/index.php?g=&m=public&a=dologin
INFO: [ app_begin ] --START--
INFO: Run Behavior\ReadHtmlCacheBehavior [ RunTime:0.003258s ]
INFO: Run Behavior\CheckLangBehavior [ RunTime:0.007738s ]
INFO: Run Common\Behavior\UrldecodeGetBehavior [ RunTime:0.003425s ]
INFO: [ app_begin ] --END-- [ RunTime:0.015617s ]
INFO: [ admin_begin ] --START--
INFO: Run Common\Behavior\AdminDefaultLangBehavior [ RunTime:0.009990s ]
INFO: [ admin_begin ] --END-- [ RunTime:0.010043s ]

[ 2018-08-17T15:39:51+08:00 ] 222.211.255.240 /company/index.php?g=&m=public&a=dologin
INFO: [ app_begin ] --START--
INFO: Run Behavior\ReadHtmlCacheBehavior [ RunTime:0.003278s ]
INFO: Run Behavior\CheckLangBehavior [ RunTime:0.007789s ]
INFO: Run Common\Behavior\UrldecodeGetBehavior [ RunTime:0.003415s ]
INFO: [ app_begin ] --END-- [ RunTime:0.015696s ]
INFO: [ admin_begin ] --START--
INFO: Run Common\Behavior\AdminDefaultLangBehavior [ RunTime:0.011393s ]
INFO: [ admin_begin ] --END-- [ RunTime:0.011453s ]
SQL: SHOW COLUMNS FROM `xly_company` [ RunTime:0.0155s ]
SQL: SELECT * FROM `xly_company` WHERE `user_login` = 'admin' LIMIT 1   [ RunTime:0.0004s ]

