[ 2018-08-21T10:11:18+08:00 ] 222.211.252.39 /company/index.php?g=&m=public&a=dologin
INFO: [ app_begin ] --START--
INFO: Run Behavior\ReadHtmlCacheBehavior [ RunTime:0.003451s ]
INFO: Run Behavior\CheckLangBehavior [ RunTime:0.008034s ]
INFO: Run Common\Behavior\UrldecodeGetBehavior [ RunTime:0.003436s ]
INFO: [ app_begin ] --END-- [ RunTime:0.016196s ]
INFO: [ admin_begin ] --START--
INFO: Run Common\Behavior\AdminDefaultLangBehavior [ RunTime:0.009963s ]
INFO: [ admin_begin ] --END-- [ RunTime:0.010017s ]
SQL: SHOW COLUMNS FROM `xly_company` [ RunTime:0.0200s ]
SQL: SELECT * FROM `xly_company` WHERE `user_login` = 'ksdjgxx' LIMIT 1   [ RunTime:0.0004s ]

[ 2018-08-21T10:11:25+08:00 ] 222.211.252.39 /company/index.php?g=&m=public&a=dologin
INFO: [ app_begin ] --START--
INFO: Run Behavior\ReadHtmlCacheBehavior [ RunTime:0.003293s ]
INFO: Run Behavior\CheckLangBehavior [ RunTime:0.007795s ]
INFO: Run Common\Behavior\UrldecodeGetBehavior [ RunTime:0.003414s ]
INFO: [ app_begin ] --END-- [ RunTime:0.015695s ]
INFO: [ admin_begin ] --START--
INFO: Run Common\Behavior\AdminDefaultLangBehavior [ RunTime:0.010087s ]
INFO: [ admin_begin ] --END-- [ RunTime:0.010144s ]
SQL: SHOW COLUMNS FROM `xly_company` [ RunTime:0.0152s ]
SQL: SELECT * FROM `xly_company` WHERE `user_login` = 'ksdjgxx' LIMIT 1   [ RunTime:0.0004s ]

[ 2018-08-21T10:11:36+08:00 ] 222.211.252.39 /company/index.php?g=&m=public&a=dologin
INFO: [ app_begin ] --START--
INFO: Run Behavior\ReadHtmlCacheBehavior [ RunTime:0.003277s ]
INFO: Run Behavior\CheckLangBehavior [ RunTime:0.007716s ]
INFO: Run Common\Behavior\UrldecodeGetBehavior [ RunTime:0.003396s ]
INFO: [ app_begin ] --END-- [ RunTime:0.015588s ]
INFO: [ admin_begin ] --START--
INFO: Run Common\Behavior\AdminDefaultLangBehavior [ RunTime:0.010094s ]
INFO: [ admin_begin ] --END-- [ RunTime:0.010150s ]
SQL: SHOW COLUMNS FROM `xly_company` [ RunTime:0.0154s ]
SQL: SELECT * FROM `xly_company` WHERE `user_login` = 'ksdjgxx' LIMIT 1   [ RunTime:0.0004s ]

[ 2018-08-21T10:11:51+08:00 ] 222.211.252.39 /company/index.php?g=&m=public&a=dologin
INFO: [ app_begin ] --START--
INFO: Run Behavior\ReadHtmlCacheBehavior [ RunTime:0.003455s ]
INFO: Run Behavior\CheckLangBehavior [ RunTime:0.008057s ]
INFO: Run Common\Behavior\UrldecodeGetBehavior [ RunTime:0.003506s ]
INFO: [ app_begin ] --END-- [ RunTime:0.016332s ]
INFO: [ admin_begin ] --START--
INFO: Run Common\Behavior\AdminDefaultLangBehavior [ RunTime:0.010350s ]
INFO: [ admin_begin ] --END-- [ RunTime:0.010406s ]
SQL: SHOW COLUMNS FROM `xly_company` [ RunTime:0.0154s ]
SQL: SELECT * FROM `xly_company` WHERE `user_login` = 'ksdjgxx' LIMIT 1   [ RunTime:0.0004s ]

[ 2018-08-21T10:12:11+08:00 ] 222.211.252.39 /company/index.php?g=&m=public&a=dologin
INFO: [ app_begin ] --START--
INFO: Run Behavior\ReadHtmlCacheBehavior [ RunTime:0.003314s ]
INFO: Run Behavior\CheckLangBehavior [ RunTime:0.007724s ]
INFO: Run Common\Behavior\UrldecodeGetBehavior [ RunTime:0.003398s ]
INFO: [ app_begin ] --END-- [ RunTime:0.015670s ]
INFO: [ admin_begin ] --START--
INFO: Run Common\Behavior\AdminDefaultLangBehavior [ RunTime:0.010041s ]
INFO: [ admin_begin ] --END-- [ RunTime:0.010096s ]
SQL: SHOW COLUMNS FROM `xly_company` [ RunTime:0.0147s ]
SQL: SELECT * FROM `xly_company` WHERE `user_login` = 'ksdqjgxx' LIMIT 1   [ RunTime:0.0004s ]
SQL: UPDATE `xly_company` SET `company_name`='喀什地区技工学校',`user_login`='ksdqjgxx',`user_pass`='###3440ea56fe55470c5b910b32f2391180',`isdel`='0',`create_time`='1534226660',`user_status`='1',`last_login_ip`='222.211.252.39',`last_login_time`='2018-08-21 10:12:11' WHERE `id` = 17 [ RunTime:0.0016s ]

[ 2018-08-21T11:23:20+08:00 ] 222.211.252.39 /company/index.php?g=&m=public&a=dologin
INFO: [ app_begin ] --START--
INFO: Run Behavior\ReadHtmlCacheBehavior [ RunTime:0.003280s ]
INFO: Run Behavior\CheckLangBehavior [ RunTime:0.007790s ]
INFO: Run Common\Behavior\UrldecodeGetBehavior [ RunTime:0.003426s ]
INFO: [ app_begin ] --END-- [ RunTime:0.015714s ]
INFO: [ admin_begin ] --START--
INFO: Run Common\Behavior\AdminDefaultLangBehavior [ RunTime:0.010887s ]
INFO: [ admin_begin ] --END-- [ RunTime:0.010945s ]
SQL: SHOW COLUMNS FROM `xly_company` [ RunTime:0.0143s ]
SQL: SELECT * FROM `xly_company` WHERE `user_login` = 'ksdlcjzx' LIMIT 1   [ RunTime:0.0004s ]
SQL: UPDATE `xly_company` SET `company_name`='喀什第六初级中学',`user_login`='ksdlcjzx',`user_pass`='###3440ea56fe55470c5b910b32f2391180',`isdel`='0',`create_time`='1534821351',`user_status`='1',`last_login_ip`='222.211.252.39',`last_login_time`='2018-08-21 11:23:20' WHERE `id` = 18 [ RunTime:0.0017s ]

[ 2018-08-21T11:24:39+08:00 ] 222.211.252.39 /company/index.php?g=Admin&m=Caseplan&a=save_project_info
INFO: [ app_begin ] --START--
INFO: Run Behavior\ReadHtmlCacheBehavior [ RunTime:0.003335s ]
INFO: Run Behavior\CheckLangBehavior [ RunTime:0.007931s ]
INFO: Run Common\Behavior\UrldecodeGetBehavior [ RunTime:0.003444s ]
INFO: [ app_begin ] --END-- [ RunTime:0.015933s ]
INFO: [ admin_begin ] --START--
INFO: Run Common\Behavior\AdminDefaultLangBehavior [ RunTime:0.010288s ]
INFO: [ admin_begin ] --END-- [ RunTime:0.010353s ]
SQL: SHOW COLUMNS FROM `xly_company` [ RunTime:0.0148s ]
SQL: SELECT * FROM `xly_company` WHERE `id` = 18 LIMIT 1   [ RunTime:0.0004s ]
SQL: SHOW COLUMNS FROM `xly_project` [ RunTime:0.0131s ]
SQL: SHOW COLUMNS FROM `xly_company` [ RunTime:0.0061s ]
SQL: SHOW COLUMNS FROM `xly_solutions` [ RunTime:0.0088s ]
SQL: SHOW COLUMNS FROM `xly_upload_projectinfo` [ RunTime:0.0087s ]
SQL: SHOW COLUMNS FROM `xly_users` [ RunTime:0.0112s ]
SQL: SHOW COLUMNS FROM `xly_uploadgg_data` [ RunTime:0.0087s ]
SQL: SHOW COLUMNS FROM `xly_upload_data` [ RunTime:0.0087s ]
SQL: INSERT INTO `xly_upload_projectinfo` (`file_url`,`file_name`,`project_id`,`type`,`adminid`,`create_time`) VALUES ('./company/data/upload/admin/20180821/5b7b85efaccb6.dwg','-喀什陕西大厦砌墙图，水电图。 (1)_t3.dwg','33','1','18','1534821879') [ RunTime:0.0060s ]
SQL: SHOW COLUMNS FROM `xly_project` [ RunTime:0.0170s ]
SQL: SELECT * FROM `xly_project` WHERE ( id='33' ) LIMIT 1   [ RunTime:0.0004s ]
SQL: SHOW COLUMNS FROM `xly_role_user` [ RunTime:0.0119s ]
SQL: SELECT u.openid,u.id,u.user_name FROM xly_role_user ur,xly_role r,xly_users u WHERE ( ur.role_id=r.id and r.name='分配员' and ur.user_id=u.id ) LIMIT 1   [ RunTime:0.0015s ]
NOTIC: [8] curl_setopt(): CURLOPT_SSL_VERIFYHOST no longer accepts the value 1, value 2 will be used instead E:\phpStudy\WWW\situojianzhu\company\application\Admin\Controller\CaseplanController.class.php 第 448 行.

