[ 2018-08-23T16:35:34+08:00 ] 113.251.19.81 /index.php?g=admin&m=user_manage&a=index
ERR: 1054:Unknown column 'd.status' in 'where clause'
 [ SQL语句 ] : SELECT COUNT(*) AS tp_count FROM xly_account as a WHERE d.status = 0 LIMIT 1  
ERR: 1054:Unknown column 'd.status' in 'where clause'
 [ SQL语句 ] : SELECT COUNT(*) AS tp_count FROM xly_account as a WHERE d.status = 0 LIMIT 1  

[ 2018-08-23T16:37:15+08:00 ] 113.251.19.81 /index.php?g=admin&m=user_manage&a=index
ERR: 1054:Unknown column 'b.status' in 'where clause'
 [ SQL语句 ] : SELECT COUNT(*) AS tp_count FROM xly_account as a WHERE b.status = 0 LIMIT 1  
ERR: 1054:Unknown column 'b.status' in 'where clause'
 [ SQL语句 ] : SELECT COUNT(*) AS tp_count FROM xly_account as a WHERE b.status = 0 LIMIT 1  

[ 2018-08-23T16:37:18+08:00 ] 113.251.19.81 /index.php?g=admin&m=user_manage&a=index
ERR: 1054:Unknown column 'b.status' in 'where clause'
 [ SQL语句 ] : SELECT COUNT(*) AS tp_count FROM xly_account as a WHERE b.status = 0 LIMIT 1  
ERR: 1054:Unknown column 'b.status' in 'where clause'
 [ SQL语句 ] : SELECT COUNT(*) AS tp_count FROM xly_account as a WHERE b.status = 0 LIMIT 1  

[ 2018-08-23T16:37:19+08:00 ] 113.251.19.81 /index.php?g=admin&m=user_manage&a=index
ERR: 1054:Unknown column 'b.status' in 'where clause'
 [ SQL语句 ] : SELECT COUNT(*) AS tp_count FROM xly_account as a WHERE b.status = 0 LIMIT 1  
ERR: 1054:Unknown column 'b.status' in 'where clause'
 [ SQL语句 ] : SELECT COUNT(*) AS tp_count FROM xly_account as a WHERE b.status = 0 LIMIT 1  

[ 2018-08-23T16:37:43+08:00 ] 113.251.19.81 /index.php?g=admin&m=user_manage&a=index
ERR: 1054:Unknown column 'b.isdel' in 'where clause'
 [ SQL语句 ] : SELECT COUNT(*) AS tp_count FROM xly_account as a WHERE b.isdel = 0 LIMIT 1  
ERR: 1054:Unknown column 'b.isdel' in 'where clause'
 [ SQL语句 ] : SELECT COUNT(*) AS tp_count FROM xly_account as a WHERE b.isdel = 0 LIMIT 1  

[ 2018-08-23T16:37:45+08:00 ] 113.251.19.81 /index.php?g=admin&m=user_manage&a=index
ERR: 1054:Unknown column 'b.isdel' in 'where clause'
 [ SQL语句 ] : SELECT COUNT(*) AS tp_count FROM xly_account as a WHERE b.isdel = 0 LIMIT 1  
ERR: 1054:Unknown column 'b.isdel' in 'where clause'
 [ SQL语句 ] : SELECT COUNT(*) AS tp_count FROM xly_account as a WHERE b.isdel = 0 LIMIT 1  

[ 2018-08-23T16:38:12+08:00 ] 113.251.19.81 /index.php?g=admin&m=user_manage&a=index
ERR: 1054:Unknown column 'b.isdel' in 'where clause'
 [ SQL语句 ] : SELECT COUNT(*) AS tp_count FROM xly_account as a WHERE b.isdel = 0 LIMIT 1  
ERR: 1054:Unknown column 'b.isdel' in 'where clause'
 [ SQL语句 ] : SELECT COUNT(*) AS tp_count FROM xly_account as a WHERE b.isdel = 0 LIMIT 1  

[ 2018-08-23T16:38:19+08:00 ] 113.251.19.81 /index.php?g=admin&m=user_manage&a=index
ERR: 1054:Unknown column 'b.isdel' in 'where clause'
 [ SQL语句 ] : SELECT COUNT(*) AS tp_count FROM xly_account as a WHERE b.isdel = 0 LIMIT 1  
ERR: 1054:Unknown column 'b.isdel' in 'where clause'
 [ SQL语句 ] : SELECT COUNT(*) AS tp_count FROM xly_account as a WHERE b.isdel = 0 LIMIT 1  

[ 2018-08-23T16:39:51+08:00 ] 113.251.19.81 /index.php?g=admin&m=user_manage&a=index
ERR: 1054:Unknown column 'b.isdel' in 'where clause'
 [ SQL语句 ] : SELECT COUNT(*) AS tp_count FROM xly_account as a WHERE b.isdel = 0 LIMIT 1  
ERR: 1054:Unknown column 'b.isdel' in 'where clause'
 [ SQL语句 ] : SELECT COUNT(*) AS tp_count FROM xly_account as a WHERE b.isdel = 0 LIMIT 1  

[ 2018-08-23T16:40:31+08:00 ] 113.251.19.81 /index.php?g=admin&m=user_manage&a=index
ERR: 1054:Unknown column 'b.isdel' in 'where clause'
 [ SQL语句 ] : SELECT COUNT(*) AS tp_count FROM xly_account as a WHERE b.isdel = 0 LIMIT 1  
ERR: 1054:Unknown column 'b.isdel' in 'where clause'
 [ SQL语句 ] : SELECT COUNT(*) AS tp_count FROM xly_account as a WHERE b.isdel = 0 LIMIT 1  

[ 2018-08-23T16:40:38+08:00 ] 113.251.19.81 /index.php?g=admin&m=user_manage&a=index
ERR: 1054:Unknown column 'b.isdel' in 'where clause'
 [ SQL语句 ] : SELECT COUNT(*) AS tp_count FROM xly_account as a WHERE b.isdel = 0 LIMIT 1  
ERR: 1054:Unknown column 'b.isdel' in 'where clause'
 [ SQL语句 ] : SELECT COUNT(*) AS tp_count FROM xly_account as a WHERE b.isdel = 0 LIMIT 1  

[ 2018-08-23T16:40:42+08:00 ] 113.251.19.81 /index.php?g=admin&m=user_manage&a=index
ERR: 1054:Unknown column 'b.isdel' in 'where clause'
 [ SQL语句 ] : SELECT COUNT(*) AS tp_count FROM xly_account as a WHERE b.isdel = 0 LIMIT 1  
ERR: 1054:Unknown column 'b.isdel' in 'where clause'
 [ SQL语句 ] : SELECT COUNT(*) AS tp_count FROM xly_account as a WHERE b.isdel = 0 LIMIT 1  

[ 2018-08-23T16:44:06+08:00 ] 113.251.19.81 /index.php?g=admin&m=user_manage&a=index
ERR: 1054:Unknown column 'b.status' in 'where clause'
 [ SQL语句 ] : SELECT a.mobile,a.user_name,a.user_duty,a.create_time,a.id,a.company_id,a.status,b.company_name FROM xly_account as a INNER JOIN xly_company as b on a.company_id = b.id  WHERE b.status = 0 GROUP BY a.id ORDER BY a.create_time DESC 
ERR: 1054:Unknown column 'b.status' in 'where clause'
 [ SQL语句 ] : SELECT a.mobile,a.user_name,a.user_duty,a.create_time,a.id,a.company_id,a.status,b.company_name FROM xly_account as a INNER JOIN xly_company as b on a.company_id = b.id  WHERE b.status = 0 GROUP BY a.id ORDER BY a.create_time DESC 

[ 2018-08-23T16:44:08+08:00 ] 113.251.19.81 /index.php?g=admin&m=user_manage&a=index
ERR: 1054:Unknown column 'b.status' in 'where clause'
 [ SQL语句 ] : SELECT a.mobile,a.user_name,a.user_duty,a.create_time,a.id,a.company_id,a.status,b.company_name FROM xly_account as a INNER JOIN xly_company as b on a.company_id = b.id  WHERE b.status = 0 GROUP BY a.id ORDER BY a.create_time DESC 
ERR: 1054:Unknown column 'b.status' in 'where clause'
 [ SQL语句 ] : SELECT a.mobile,a.user_name,a.user_duty,a.create_time,a.id,a.company_id,a.status,b.company_name FROM xly_account as a INNER JOIN xly_company as b on a.company_id = b.id  WHERE b.status = 0 GROUP BY a.id ORDER BY a.create_time DESC 

[ 2018-08-23T16:46:27+08:00 ] 113.251.19.81 /index.php?g=admin&m=user_manage&a=index
ERR: 1054:Unknown column 'b.status' in 'where clause'
 [ SQL语句 ] : SELECT COUNT(*) AS tp_count FROM xly_account as a INNER JOIN xly_company as b on a.company_id = b.id  WHERE b.status = 0 GROUP BY a.id ORDER BY a.create_time DESC LIMIT 1  
ERR: 1054:Unknown column 'b.status' in 'where clause'
 [ SQL语句 ] : SELECT COUNT(*) AS tp_count FROM xly_account as a INNER JOIN xly_company as b on a.company_id = b.id  WHERE b.status = 0 GROUP BY a.id ORDER BY a.create_time DESC LIMIT 1  

[ 2018-08-23T17:06:57+08:00 ] 113.251.19.81 /index.php?g=admin&m=project&a=index
ERR: 1054:Unknown column 'c.duty' in 'field list'
 [ SQL语句 ] : SELECT a.mobile,a.project_name,a.project_no,c.duty,a.create_time,a.id,a.company_id,a.qq,a.wx,c.user_name principal_name,a.status,b.company_name FROM xly_project as a INNER JOIN xly_company as b on a.company_id = b.id INNER JOIN xly_account as c on b.id = c.company_id  WHERE a.isdel = 0 GROUP BY a.id ORDER BY a.create_time DESC 
ERR: 1054:Unknown column 'c.duty' in 'field list'
 [ SQL语句 ] : SELECT a.mobile,a.project_name,a.project_no,c.duty,a.create_time,a.id,a.company_id,a.qq,a.wx,c.user_name principal_name,a.status,b.company_name FROM xly_project as a INNER JOIN xly_company as b on a.company_id = b.id INNER JOIN xly_account as c on b.id = c.company_id  WHERE a.isdel = 0 GROUP BY a.id ORDER BY a.create_time DESC 

[ 2018-08-23T17:07:00+08:00 ] 113.251.19.81 /index.php?g=admin&m=project&a=index
ERR: 1054:Unknown column 'c.duty' in 'field list'
 [ SQL语句 ] : SELECT a.mobile,a.project_name,a.project_no,c.duty,a.create_time,a.id,a.company_id,a.qq,a.wx,c.user_name principal_name,a.status,b.company_name FROM xly_project as a INNER JOIN xly_company as b on a.company_id = b.id INNER JOIN xly_account as c on b.id = c.company_id  WHERE a.isdel = 0 GROUP BY a.id ORDER BY a.create_time DESC 
ERR: 1054:Unknown column 'c.duty' in 'field list'
 [ SQL语句 ] : SELECT a.mobile,a.project_name,a.project_no,c.duty,a.create_time,a.id,a.company_id,a.qq,a.wx,c.user_name principal_name,a.status,b.company_name FROM xly_project as a INNER JOIN xly_company as b on a.company_id = b.id INNER JOIN xly_account as c on b.id = c.company_id  WHERE a.isdel = 0 GROUP BY a.id ORDER BY a.create_time DESC 

[ 2018-08-23T17:07:03+08:00 ] 113.251.19.81 /index.php?g=admin&m=project&a=index
ERR: 1054:Unknown column 'c.duty' in 'field list'
 [ SQL语句 ] : SELECT a.mobile,a.project_name,a.project_no,c.duty,a.create_time,a.id,a.company_id,a.qq,a.wx,c.user_name principal_name,a.status,b.company_name FROM xly_project as a INNER JOIN xly_company as b on a.company_id = b.id INNER JOIN xly_account as c on b.id = c.company_id  WHERE a.isdel = 0 GROUP BY a.id ORDER BY a.create_time DESC 
ERR: 1054:Unknown column 'c.duty' in 'field list'
 [ SQL语句 ] : SELECT a.mobile,a.project_name,a.project_no,c.duty,a.create_time,a.id,a.company_id,a.qq,a.wx,c.user_name principal_name,a.status,b.company_name FROM xly_project as a INNER JOIN xly_company as b on a.company_id = b.id INNER JOIN xly_account as c on b.id = c.company_id  WHERE a.isdel = 0 GROUP BY a.id ORDER BY a.create_time DESC 

[ 2018-08-23T17:07:34+08:00 ] 113.251.19.81 /index.php?g=admin&m=project&a=index
ERR: 1054:Unknown column 'c.duty' in 'field list'
 [ SQL语句 ] : SELECT a.mobile,a.project_name,a.project_no,c.duty,a.create_time,a.id,a.company_id,a.qq,a.wx,c.user_name principal_name,a.status,b.company_name FROM xly_project as a INNER JOIN xly_company as b on a.company_id = b.id INNER JOIN xly_account as c on b.id = c.company_id  WHERE a.isdel = 0 GROUP BY a.id ORDER BY a.create_time DESC 
ERR: 1054:Unknown column 'c.duty' in 'field list'
 [ SQL语句 ] : SELECT a.mobile,a.project_name,a.project_no,c.duty,a.create_time,a.id,a.company_id,a.qq,a.wx,c.user_name principal_name,a.status,b.company_name FROM xly_project as a INNER JOIN xly_company as b on a.company_id = b.id INNER JOIN xly_account as c on b.id = c.company_id  WHERE a.isdel = 0 GROUP BY a.id ORDER BY a.create_time DESC 

[ 2018-08-23T17:11:24+08:00 ] 113.251.19.81 /index.php?g=admin&m=project&a=index
ERR: 1054:Unknown column 'c.atype' in 'where clause'
 [ SQL语句 ] : SELECT a.mobile,a.project_name,a.project_no,a.duty,a.create_time,a.id,a.company_id,a.qq,a.wx,a.principal_name,a.status,b.company_name FROM xly_project as a INNER JOIN xly_company as b on a.company_id = b.id  WHERE a.isdel = 0 AND c.atype = 1 GROUP BY a.id ORDER BY a.create_time DESC 
ERR: 1054:Unknown column 'c.atype' in 'where clause'
 [ SQL语句 ] : SELECT a.mobile,a.project_name,a.project_no,a.duty,a.create_time,a.id,a.company_id,a.qq,a.wx,a.principal_name,a.status,b.company_name FROM xly_project as a INNER JOIN xly_company as b on a.company_id = b.id  WHERE a.isdel = 0 AND c.atype = 1 GROUP BY a.id ORDER BY a.create_time DESC 

